<?xml version="1.0" encoding="UTF-8"?>
<testsuite name="com.jamrah.app.DatabaseCrashTest" tests="1" skipped="0" failures="0" errors="0" timestamp="2026-07-26T22:47:14" hostname="AHMEDMOHAMEDGHA" time="66.288">
  <properties/>
  <testcase name="testDatabaseCreation" classname="com.jamrah.app.DatabaseCrashTest" time="66.288"/>
  <system-out><![CDATA[WARNING: No manifest file found at .\AndroidManifest.xml.
Falling back to the Android OS resources only.
To remove this warning, annotate your test class with @Config(manifest=Config.NONE).
Database created successfully without crash!
]]></system-out>
  <system-err><![CDATA[No such manifest file: .\AndroidManifest.xml
]]></system-err>
</testsuite>
