TN:
SF:src\js\app.js
FN:4,showPage
FN:12,(anonymous_1)
FN:39,(anonymous_2)
FN:53,(anonymous_3)
FN:61,(anonymous_4)
FN:69,(anonymous_5)
FN:77,(anonymous_6)
FN:82,(anonymous_7)
FN:94,updateClock
FN:113,renderReleaseNotes
FN:123,(anonymous_10)
FN:142,(anonymous_11)
FN:150,(anonymous_12)
FN:161,(anonymous_13)
FN:168,(anonymous_14)
FN:173,(anonymous_15)
FN:178,(anonymous_16)
FN:185,(anonymous_17)
FN:190,(anonymous_18)
FN:195,(anonymous_19)
FN:203,selectStoragePath
FN:204,(anonymous_21)
FN:206,(anonymous_22)
FN:217,(anonymous_23)
FN:229,(anonymous_24)
FN:235,(anonymous_25)
FN:240,_localDateStr
FN:244,(anonymous_27)
FN:252,(anonymous_28)
FN:262,(anonymous_29)
FN:271,(anonymous_30)
FN:274,(anonymous_31)
FN:276,(anonymous_32)
FN:278,(anonymous_33)
FN:283,(anonymous_34)
FN:290,(anonymous_35)
FN:293,(anonymous_36)
FNF:37
FNH:0
FNDA:0,showPage
FNDA:0,(anonymous_1)
FNDA:0,(anonymous_2)
FNDA:0,(anonymous_3)
FNDA:0,(anonymous_4)
FNDA:0,(anonymous_5)
FNDA:0,(anonymous_6)
FNDA:0,(anonymous_7)
FNDA:0,updateClock
FNDA:0,renderReleaseNotes
FNDA:0,(anonymous_10)
FNDA:0,(anonymous_11)
FNDA:0,(anonymous_12)
FNDA:0,(anonymous_13)
FNDA:0,(anonymous_14)
FNDA:0,(anonymous_15)
FNDA:0,(anonymous_16)
FNDA:0,(anonymous_17)
FNDA:0,(anonymous_18)
FNDA:0,(anonymous_19)
FNDA:0,selectStoragePath
FNDA:0,(anonymous_21)
FNDA:0,(anonymous_22)
FNDA:0,(anonymous_23)
FNDA:0,(anonymous_24)
FNDA:0,(anonymous_25)
FNDA:0,_localDateStr
FNDA:0,(anonymous_27)
FNDA:0,(anonymous_28)
FNDA:0,(anonymous_29)
FNDA:0,(anonymous_30)
FNDA:0,(anonymous_31)
FNDA:0,(anonymous_32)
FNDA:0,(anonymous_33)
FNDA:0,(anonymous_34)
FNDA:0,(anonymous_35)
FNDA:0,(anonymous_36)
DA:2,0
DA:5,0
DA:6,0
DA:7,0
DA:8,0
DA:9,0
DA:11,0
DA:12,0
DA:13,0
DA:14,0
DA:15,0
DA:18,0
DA:19,0
DA:20,0
DA:21,0
DA:24,0
DA:25,0
DA:26,0
DA:29,0
DA:30,0
DA:31,0
DA:34,0
DA:35,0
DA:36,0
DA:38,0
DA:39,0
DA:40,0
DA:41,0
DA:42,0
DA:44,0
DA:45,0
DA:46,0
DA:47,0
DA:48,0
DA:49,0
DA:53,0
DA:54,0
DA:55,0
DA:56,0
DA:57,0
DA:58,0
DA:61,0
DA:62,0
DA:63,0
DA:64,0
DA:65,0
DA:66,0
DA:69,0
DA:70,0
DA:71,0
DA:72,0
DA:77,0
DA:78,0
DA:79,0
DA:80,0
DA:82,0
DA:83,0
DA:84,0
DA:85,0
DA:87,0
DA:88,0
DA:89,0
DA:95,0
DA:96,0
DA:97,0
DA:98,0
DA:99,0
DA:100,0
DA:101,0
DA:102,0
DA:105,0
DA:106,0
DA:109,0
DA:110,0
DA:111,0
DA:114,0
DA:115,0
DA:123,0
DA:124,0
DA:125,0
DA:126,0
DA:128,0
DA:129,0
DA:130,0
DA:131,0
DA:132,0
DA:135,0
DA:136,0
DA:137,0
DA:138,0
DA:139,0
DA:142,0
DA:143,0
DA:144,0
DA:145,0
DA:146,0
DA:147,0
DA:148,0
DA:149,0
DA:150,0
DA:151,0
DA:152,0
DA:153,0
DA:155,0
DA:156,0
DA:161,0
DA:162,0
DA:163,0
DA:164,0
DA:165,0
DA:168,0
DA:169,0
DA:170,0
DA:171,0
DA:172,0
DA:173,0
DA:176,0
DA:178,0
DA:179,0
DA:180,0
DA:185,0
DA:186,0
DA:187,0
DA:188,0
DA:189,0
DA:190,0
DA:191,0
DA:192,0
DA:194,0
DA:195,0
DA:196,0
DA:204,0
DA:205,0
DA:206,0
DA:207,0
DA:208,0
DA:209,0
DA:217,0
DA:218,0
DA:219,0
DA:220,0
DA:221,0
DA:222,0
DA:223,0
DA:225,0
DA:226,0
DA:227,0
DA:228,0
DA:229,0
DA:230,0
DA:231,0
DA:235,0
DA:236,0
DA:241,0
DA:243,0
DA:244,0
DA:245,0
DA:246,0
DA:247,0
DA:248,0
DA:252,0
DA:253,0
DA:254,0
DA:255,0
DA:256,0
DA:261,0
DA:262,0
DA:263,0
DA:264,0
DA:265,0
DA:266,0
DA:267,0
DA:268,0
DA:271,0
DA:272,0
DA:273,0
DA:274,0
DA:275,0
DA:276,0
DA:278,0
DA:279,0
DA:280,0
DA:281,0
DA:282,0
DA:283,0
DA:284,0
DA:290,0
DA:291,0
DA:292,0
DA:293,0
DA:294,0
DA:295,0
DA:296,0
LF:193
LH:0
BRDA:6,0,0,0
BRDA:6,0,1,0
BRDA:6,1,0,0
BRDA:6,1,1,0
BRDA:6,1,2,0
BRDA:14,2,0,0
BRDA:14,2,1,0
BRDA:15,3,0,0
BRDA:15,3,1,0
BRDA:18,4,0,0
BRDA:18,4,1,0
BRDA:18,5,0,0
BRDA:18,5,1,0
BRDA:20,6,0,0
BRDA:20,6,1,0
BRDA:20,7,0,0
BRDA:20,7,1,0
BRDA:25,8,0,0
BRDA:25,8,1,0
BRDA:26,9,0,0
BRDA:26,9,1,0
BRDA:30,10,0,0
BRDA:30,10,1,0
BRDA:31,11,0,0
BRDA:31,11,1,0
BRDA:35,12,0,0
BRDA:35,12,1,0
BRDA:36,13,0,0
BRDA:36,13,1,0
BRDA:42,14,0,0
BRDA:42,14,1,0
BRDA:45,15,0,0
BRDA:45,15,1,0
BRDA:58,16,0,0
BRDA:58,16,1,0
BRDA:66,17,0,0
BRDA:66,17,1,0
BRDA:70,18,0,0
BRDA:70,18,1,0
BRDA:70,19,0,0
BRDA:70,19,1,0
BRDA:78,20,0,0
BRDA:78,20,1,0
BRDA:78,21,0,0
BRDA:78,21,1,0
BRDA:78,21,2,0
BRDA:79,22,0,0
BRDA:79,22,1,0
BRDA:79,23,0,0
BRDA:79,23,1,0
BRDA:80,24,0,0
BRDA:80,24,1,0
BRDA:80,25,0,0
BRDA:80,25,1,0
BRDA:83,26,0,0
BRDA:83,26,1,0
BRDA:83,26,2,0
BRDA:85,27,0,0
BRDA:85,27,1,0
BRDA:88,28,0,0
BRDA:88,28,1,0
BRDA:97,29,0,0
BRDA:97,29,1,0
BRDA:99,30,0,0
BRDA:99,30,1,0
BRDA:114,31,0,0
BRDA:114,31,1,0
BRDA:129,32,0,0
BRDA:129,32,1,0
BRDA:129,33,0,0
BRDA:129,33,1,0
BRDA:129,33,2,0
BRDA:131,34,0,0
BRDA:131,34,1,0
BRDA:132,35,0,0
BRDA:132,35,1,0
BRDA:135,36,0,0
BRDA:135,36,1,0
BRDA:136,37,0,0
BRDA:136,37,1,0
BRDA:138,38,0,0
BRDA:138,38,1,0
BRDA:147,39,0,0
BRDA:147,39,1,0
BRDA:148,40,0,0
BRDA:148,40,1,0
BRDA:149,41,0,0
BRDA:149,41,1,0
BRDA:151,42,0,0
BRDA:151,42,1,0
BRDA:152,43,0,0
BRDA:152,43,1,0
BRDA:155,44,0,0
BRDA:155,44,1,0
BRDA:156,45,0,0
BRDA:156,45,1,0
BRDA:164,46,0,0
BRDA:164,46,1,0
BRDA:165,47,0,0
BRDA:165,47,1,0
BRDA:165,48,0,0
BRDA:165,48,1,0
BRDA:172,49,0,0
BRDA:172,49,1,0
BRDA:173,50,0,0
BRDA:173,50,1,0
BRDA:179,51,0,0
BRDA:179,51,1,0
BRDA:179,52,0,0
BRDA:179,52,1,0
BRDA:187,53,0,0
BRDA:187,53,1,0
BRDA:189,54,0,0
BRDA:189,54,1,0
BRDA:191,55,0,0
BRDA:191,55,1,0
BRDA:192,56,0,0
BRDA:192,56,1,0
BRDA:194,57,0,0
BRDA:194,57,1,0
BRDA:196,58,0,0
BRDA:196,58,1,0
BRDA:205,59,0,0
BRDA:205,59,1,0
BRDA:207,60,0,0
BRDA:207,60,1,0
BRDA:209,61,0,0
BRDA:209,61,1,0
BRDA:219,62,0,0
BRDA:219,62,1,0
BRDA:246,63,0,0
BRDA:246,63,1,0
BRDA:248,64,0,0
BRDA:248,64,1,0
BRDA:254,65,0,0
BRDA:254,65,1,0
BRDA:256,66,0,0
BRDA:256,66,1,0
BRDA:256,66,2,0
BRDA:264,67,0,0
BRDA:264,67,1,0
BRDA:264,68,0,0
BRDA:264,68,1,0
BRDA:265,69,0,0
BRDA:265,69,1,0
BRDA:265,70,0,0
BRDA:265,70,1,0
BRDA:266,71,0,0
BRDA:266,71,1,0
BRDA:266,72,0,0
BRDA:266,72,1,0
BRDA:267,73,0,0
BRDA:267,73,1,0
BRDA:267,74,0,0
BRDA:267,74,1,0
BRDA:268,75,0,0
BRDA:268,75,1,0
BRDA:276,76,0,0
BRDA:276,76,1,0
BRDA:279,77,0,0
BRDA:279,77,1,0
BRDA:279,78,0,0
BRDA:279,78,1,0
BRDA:292,79,0,0
BRDA:292,79,1,0
BRDA:294,80,0,0
BRDA:294,80,1,0
BRDA:295,81,0,0
BRDA:295,81,1,0
BRF:169
BRH:0
end_of_record
TN:
SF:src\js\calender.js
FN:28,loadCalenderData
FN:48,logNotesState
FN:49,(anonymous_2)
FN:54,getActivityLevel
FN:56,(anonymous_4)
FN:59,(anonymous_5)
FN:61,(anonymous_6)
FN:69,getFocusMinutes
FN:72,(anonymous_8)
FN:77,(anonymous_9)
FN:83,(anonymous_10)
FN:88,(anonymous_11)
FN:93,(anonymous_12)
FN:99,renderCalender
FN:102,(anonymous_14)
FN:106,(anonymous_15)
FN:123,renderHeader
FN:141,getCurrentWeekBounds
FN:153,getWeekDates
FN:164,weekKeyStr
FN:170,renderWeekView
FN:193,(anonymous_21)
FN:200,renderWeekDayCard
FN:201,(anonymous_23)
FN:204,(anonymous_24)
FN:228,(anonymous_25)
FN:252,(anonymous_26)
FN:270,(anonymous_27)
FN:271,(anonymous_28)
FN:272,(anonymous_29)
FN:277,(anonymous_30)
FN:281,(anonymous_31)
FN:287,(anonymous_32)
FN:291,(anonymous_33)
FN:296,(anonymous_34)
FN:308,(anonymous_35)
FN:318,(anonymous_36)
FN:324,(anonymous_37)
FN:331,renderCalendarView
FN:349,renderCalendarMonth
FN:357,(anonymous_40)
FN:375,(anonymous_41)
FN:405,renderCalendarMonthGoals
FN:407,(anonymous_43)
FN:416,(anonymous_44)
FN:428,(anonymous_45)
FN:436,(anonymous_46)
FN:437,(anonymous_47)
FN:467,(anonymous_48)
FN:475,renderYearView
FN:491,renderTagFilters
FN:495,(anonymous_51)
FN:506,(anonymous_52)
FN:511,(anonymous_53)
FN:518,(anonymous_54)
FN:540,(anonymous_55)
FN:541,(anonymous_56)
FN:543,(anonymous_57)
FN:552,(anonymous_58)
FN:553,(anonymous_59)
FN:555,(anonymous_60)
FN:563,(anonymous_61)
FN:564,(anonymous_62)
FN:566,(anonymous_63)
FN:574,(anonymous_64)
FN:577,(anonymous_65)
FN:586,(anonymous_66)
FN:588,(anonymous_67)
FN:590,(anonymous_68)
FN:600,(anonymous_69)
FN:608,(anonymous_70)
FN:619,tagEditorLoading
FN:624,renderYearMonth
FN:663,(anonymous_73)
FN:673,(anonymous_74)
FN:678,(anonymous_75)
FN:702,(anonymous_76)
FN:704,(anonymous_77)
FN:734,renderYearMonthGoals
FN:736,(anonymous_79)
FN:745,(anonymous_80)
FN:758,(anonymous_81)
FN:771,(anonymous_82)
FN:776,(anonymous_83)
FN:793,(anonymous_84)
FN:802,(anonymous_85)
FN:809,toISODate
FN:813,formatDate
FN:817,formatShortDate
FN:821,escapeHtml
FN:827,scheduleMidnightRefresh
FN:833,(anonymous_91)
FN:840,initCalender
FN:842,(anonymous_93)
FN:843,(anonymous_94)
FN:849,(anonymous_95)
FNF:96
FNH:0
FNDA:0,loadCalenderData
FNDA:0,logNotesState
FNDA:0,(anonymous_2)
FNDA:0,getActivityLevel
FNDA:0,(anonymous_4)
FNDA:0,(anonymous_5)
FNDA:0,(anonymous_6)
FNDA:0,getFocusMinutes
FNDA:0,(anonymous_8)
FNDA:0,(anonymous_9)
FNDA:0,(anonymous_10)
FNDA:0,(anonymous_11)
FNDA:0,(anonymous_12)
FNDA:0,renderCalender
FNDA:0,(anonymous_14)
FNDA:0,(anonymous_15)
FNDA:0,renderHeader
FNDA:0,getCurrentWeekBounds
FNDA:0,getWeekDates
FNDA:0,weekKeyStr
FNDA:0,renderWeekView
FNDA:0,(anonymous_21)
FNDA:0,renderWeekDayCard
FNDA:0,(anonymous_23)
FNDA:0,(anonymous_24)
FNDA:0,(anonymous_25)
FNDA:0,(anonymous_26)
FNDA:0,(anonymous_27)
FNDA:0,(anonymous_28)
FNDA:0,(anonymous_29)
FNDA:0,(anonymous_30)
FNDA:0,(anonymous_31)
FNDA:0,(anonymous_32)
FNDA:0,(anonymous_33)
FNDA:0,(anonymous_34)
FNDA:0,(anonymous_35)
FNDA:0,(anonymous_36)
FNDA:0,(anonymous_37)
FNDA:0,renderCalendarView
FNDA:0,renderCalendarMonth
FNDA:0,(anonymous_40)
FNDA:0,(anonymous_41)
FNDA:0,renderCalendarMonthGoals
FNDA:0,(anonymous_43)
FNDA:0,(anonymous_44)
FNDA:0,(anonymous_45)
FNDA:0,(anonymous_46)
FNDA:0,(anonymous_47)
FNDA:0,(anonymous_48)
FNDA:0,renderYearView
FNDA:0,renderTagFilters
FNDA:0,(anonymous_51)
FNDA:0,(anonymous_52)
FNDA:0,(anonymous_53)
FNDA:0,(anonymous_54)
FNDA:0,(anonymous_55)
FNDA:0,(anonymous_56)
FNDA:0,(anonymous_57)
FNDA:0,(anonymous_58)
FNDA:0,(anonymous_59)
FNDA:0,(anonymous_60)
FNDA:0,(anonymous_61)
FNDA:0,(anonymous_62)
FNDA:0,(anonymous_63)
FNDA:0,(anonymous_64)
FNDA:0,(anonymous_65)
FNDA:0,(anonymous_66)
FNDA:0,(anonymous_67)
FNDA:0,(anonymous_68)
FNDA:0,(anonymous_69)
FNDA:0,(anonymous_70)
FNDA:0,tagEditorLoading
FNDA:0,renderYearMonth
FNDA:0,(anonymous_73)
FNDA:0,(anonymous_74)
FNDA:0,(anonymous_75)
FNDA:0,(anonymous_76)
FNDA:0,(anonymous_77)
FNDA:0,renderYearMonthGoals
FNDA:0,(anonymous_79)
FNDA:0,(anonymous_80)
FNDA:0,(anonymous_81)
FNDA:0,(anonymous_82)
FNDA:0,(anonymous_83)
FNDA:0,(anonymous_84)
FNDA:0,(anonymous_85)
FNDA:0,toISODate
FNDA:0,formatDate
FNDA:0,formatShortDate
FNDA:0,escapeHtml
FNDA:0,scheduleMidnightRefresh
FNDA:0,(anonymous_91)
FNDA:0,initCalender
FNDA:0,(anonymous_93)
FNDA:0,(anonymous_94)
FNDA:0,(anonymous_95)
DA:5,0
DA:20,0
DA:21,0
DA:22,0
DA:29,0
DA:30,0
DA:37,0
DA:38,0
DA:39,0
DA:40,0
DA:41,0
DA:42,0
DA:44,0
DA:49,0
DA:50,0
DA:55,0
DA:56,0
DA:57,0
DA:59,0
DA:60,0
DA:61,0
DA:62,0
DA:63,0
DA:64,0
DA:65,0
DA:66,0
DA:70,0
DA:71,0
DA:72,0
DA:73,0
DA:77,0
DA:78,0
DA:79,0
DA:83,0
DA:84,0
DA:85,0
DA:88,0
DA:89,0
DA:90,0
DA:93,0
DA:94,0
DA:95,0
DA:100,0
DA:102,0
DA:103,0
DA:106,0
DA:107,0
DA:108,0
DA:111,0
DA:113,0
DA:114,0
DA:115,0
DA:116,0
DA:119,0
DA:120,0
DA:124,0
DA:125,0
DA:126,0
DA:128,0
DA:129,0
DA:130,0
DA:132,0
DA:133,0
DA:135,0
DA:136,0
DA:142,0
DA:143,0
DA:144,0
DA:145,0
DA:146,0
DA:147,0
DA:148,0
DA:149,0
DA:150,0
DA:154,0
DA:155,0
DA:156,0
DA:157,0
DA:158,0
DA:159,0
DA:161,0
DA:165,0
DA:166,0
DA:171,0
DA:172,0
DA:173,0
DA:174,0
DA:175,0
DA:177,0
DA:178,0
DA:179,0
DA:181,0
DA:182,0
DA:183,0
DA:184,0
DA:185,0
DA:187,0
DA:188,0
DA:191,0
DA:192,0
DA:193,0
DA:194,0
DA:195,0
DA:197,0
DA:201,0
DA:202,0
DA:204,0
DA:205,0
DA:206,0
DA:207,0
DA:208,0
DA:209,0
DA:210,0
DA:212,0
DA:213,0
DA:214,0
DA:216,0
DA:217,0
DA:218,0
DA:219,0
DA:220,0
DA:222,0
DA:224,0
DA:225,0
DA:226,0
DA:228,0
DA:229,0
DA:230,0
DA:231,0
DA:232,0
DA:233,0
DA:236,0
DA:238,0
DA:240,0
DA:241,0
DA:242,0
DA:243,0
DA:244,0
DA:245,0
DA:246,0
DA:248,0
DA:249,0
DA:252,0
DA:253,0
DA:254,0
DA:255,0
DA:256,0
DA:257,0
DA:268,0
DA:270,0
DA:271,0
DA:272,0
DA:273,0
DA:277,0
DA:278,0
DA:281,0
DA:282,0
DA:283,0
DA:287,0
DA:288,0
DA:291,0
DA:292,0
DA:293,0
DA:296,0
DA:297,0
DA:298,0
DA:299,0
DA:300,0
DA:301,0
DA:302,0
DA:303,0
DA:304,0
DA:305,0
DA:307,0
DA:308,0
DA:309,0
DA:310,0
DA:311,0
DA:312,0
DA:313,0
DA:314,0
DA:318,0
DA:319,0
DA:320,0
DA:321,0
DA:324,0
DA:325,0
DA:326,0
DA:327,0
DA:332,0
DA:333,0
DA:334,0
DA:336,0
DA:338,0
DA:339,0
DA:342,0
DA:343,0
DA:344,0
DA:346,0
DA:350,0
DA:351,0
DA:352,0
DA:354,0
DA:355,0
DA:356,0
DA:357,0
DA:358,0
DA:360,0
DA:361,0
DA:363,0
DA:364,0
DA:367,0
DA:368,0
DA:369,0
DA:370,0
DA:371,0
DA:372,0
DA:373,0
DA:374,0
DA:375,0
DA:376,0
DA:378,0
DA:380,0
DA:381,0
DA:382,0
DA:383,0
DA:384,0
DA:386,0
DA:388,0
DA:389,0
DA:390,0
DA:391,0
DA:392,0
DA:393,0
DA:394,0
DA:395,0
DA:396,0
DA:399,0
DA:400,0
DA:401,0
DA:402,0
DA:406,0
DA:407,0
DA:408,0
DA:411,0
DA:412,0
DA:413,0
DA:414,0
DA:416,0
DA:417,0
DA:418,0
DA:419,0
DA:420,0
DA:421,0
DA:423,0
DA:424,0
DA:425,0
DA:428,0
DA:429,0
DA:430,0
DA:431,0
DA:432,0
DA:433,0
DA:434,0
DA:435,0
DA:436,0
DA:437,0
DA:438,0
DA:439,0
DA:440,0
DA:441,0
DA:454,0
DA:455,0
DA:456,0
DA:457,0
DA:458,0
DA:459,0
DA:461,0
DA:462,0
DA:467,0
DA:468,0
DA:469,0
DA:470,0
DA:471,0
DA:476,0
DA:478,0
DA:479,0
DA:481,0
DA:482,0
DA:484,0
DA:485,0
DA:486,0
DA:488,0
DA:492,0
DA:493,0
DA:494,0
DA:495,0
DA:496,0
DA:497,0
DA:498,0
DA:499,0
DA:500,0
DA:502,0
DA:503,0
DA:506,0
DA:507,0
DA:508,0
DA:511,0
DA:512,0
DA:513,0
DA:515,0
DA:516,0
DA:517,0
DA:518,0
DA:519,0
DA:527,0
DA:538,0
DA:540,0
DA:541,0
DA:543,0
DA:544,0
DA:545,0
DA:548,0
DA:550,0
DA:552,0
DA:553,0
DA:554,0
DA:555,0
DA:556,0
DA:557,0
DA:558,0
DA:563,0
DA:564,0
DA:565,0
DA:566,0
DA:567,0
DA:568,0
DA:569,0
DA:574,0
DA:577,0
DA:578,0
DA:579,0
DA:580,0
DA:581,0
DA:582,0
DA:586,0
DA:587,0
DA:588,0
DA:589,0
DA:590,0
DA:591,0
DA:592,0
DA:593,0
DA:594,0
DA:595,0
DA:596,0
DA:600,0
DA:601,0
DA:602,0
DA:603,0
DA:604,0
DA:605,0
DA:606,0
DA:607,0
DA:608,0
DA:609,0
DA:610,0
DA:611,0
DA:612,0
DA:613,0
DA:614,0
DA:615,0
DA:620,0
DA:621,0
DA:625,0
DA:626,0
DA:628,0
DA:629,0
DA:630,0
DA:631,0
DA:632,0
DA:633,0
DA:635,0
DA:636,0
DA:637,0
DA:639,0
DA:640,0
DA:641,0
DA:642,0
DA:645,0
DA:647,0
DA:648,0
DA:649,0
DA:651,0
DA:652,0
DA:653,0
DA:654,0
DA:655,0
DA:657,0
DA:658,0
DA:661,0
DA:663,0
DA:664,0
DA:665,0
DA:666,0
DA:667,0
DA:668,0
DA:669,0
DA:671,0
DA:673,0
DA:674,0
DA:675,0
DA:676,0
DA:678,0
DA:679,0
DA:680,0
DA:681,0
DA:684,0
DA:685,0
DA:686,0
DA:688,0
DA:689,0
DA:690,0
DA:691,0
DA:692,0
DA:693,0
DA:694,0
DA:696,0
DA:697,0
DA:700,0
DA:701,0
DA:702,0
DA:703,0
DA:704,0
DA:705,0
DA:706,0
DA:707,0
DA:708,0
DA:709,0
DA:712,0
DA:714,0
DA:718,0
DA:719,0
DA:720,0
DA:721,0
DA:722,0
DA:723,0
DA:725,0
DA:728,0
DA:729,0
DA:730,0
DA:731,0
DA:735,0
DA:736,0
DA:737,0
DA:740,0
DA:741,0
DA:742,0
DA:743,0
DA:745,0
DA:746,0
DA:747,0
DA:748,0
DA:749,0
DA:750,0
DA:752,0
DA:753,0
DA:754,0
DA:758,0
DA:759,0
DA:760,0
DA:761,0
DA:762,0
DA:763,0
DA:764,0
DA:765,0
DA:766,0
DA:768,0
DA:771,0
DA:772,0
DA:773,0
DA:776,0
DA:777,0
DA:778,0
DA:779,0
DA:780,0
DA:781,0
DA:782,0
DA:784,0
DA:786,0
DA:787,0
DA:788,0
DA:789,0
DA:790,0
DA:793,0
DA:794,0
DA:795,0
DA:796,0
DA:797,0
DA:798,0
DA:799,0
DA:802,0
DA:803,0
DA:804,0
DA:805,0
DA:810,0
DA:814,0
DA:818,0
DA:822,0
DA:823,0
DA:828,0
DA:829,0
DA:830,0
DA:831,0
DA:832,0
DA:833,0
DA:834,0
DA:835,0
DA:840,0
DA:841,0
DA:842,0
DA:843,0
DA:844,0
DA:845,0
DA:849,0
DA:850,0
DA:851,0
DA:854,0
LF:528
LH:0
BRDA:37,0,0,0
BRDA:37,0,1,0
BRDA:38,1,0,0
BRDA:38,1,1,0
BRDA:39,2,0,0
BRDA:39,2,1,0
BRDA:40,3,0,0
BRDA:40,3,1,0
BRDA:41,4,0,0
BRDA:41,4,1,0
BRDA:55,5,0,0
BRDA:55,5,1,0
BRDA:57,6,0,0
BRDA:57,6,1,0
BRDA:57,6,2,0
BRDA:61,7,0,0
BRDA:61,7,1,0
BRDA:62,8,0,0
BRDA:62,8,1,0
BRDA:62,9,0,0
BRDA:62,9,1,0
BRDA:63,10,0,0
BRDA:63,10,1,0
BRDA:63,11,0,0
BRDA:63,11,1,0
BRDA:64,12,0,0
BRDA:64,12,1,0
BRDA:64,13,0,0
BRDA:64,13,1,0
BRDA:64,13,2,0
BRDA:64,13,3,0
BRDA:65,14,0,0
BRDA:65,14,1,0
BRDA:65,15,0,0
BRDA:65,15,1,0
BRDA:70,16,0,0
BRDA:70,16,1,0
BRDA:72,17,0,0
BRDA:72,17,1,0
BRDA:100,18,0,0
BRDA:100,18,1,0
BRDA:108,19,0,0
BRDA:108,19,1,0
BRDA:113,20,0,0
BRDA:113,20,1,0
BRDA:113,20,2,0
BRDA:120,21,0,0
BRDA:120,21,1,0
BRDA:120,22,0,0
BRDA:120,22,1,0
BRDA:125,23,0,0
BRDA:125,23,1,0
BRDA:126,24,0,0
BRDA:126,24,1,0
BRDA:126,24,2,0
BRDA:175,25,0,0
BRDA:175,25,1,0
BRDA:175,26,0,0
BRDA:175,26,1,0
BRDA:183,27,0,0
BRDA:183,27,1,0
BRDA:184,28,0,0
BRDA:184,28,1,0
BRDA:185,29,0,0
BRDA:185,29,1,0
BRDA:187,30,0,0
BRDA:187,30,1,0
BRDA:188,31,0,0
BRDA:188,31,1,0
BRDA:202,32,0,0
BRDA:202,32,1,0
BRDA:202,32,2,0
BRDA:210,33,0,0
BRDA:210,33,1,0
BRDA:212,34,0,0
BRDA:212,34,1,0
BRDA:213,35,0,0
BRDA:213,35,1,0
BRDA:214,36,0,0
BRDA:214,36,1,0
BRDA:216,37,0,0
BRDA:216,37,1,0
BRDA:225,38,0,0
BRDA:225,38,1,0
BRDA:229,39,0,0
BRDA:229,39,1,0
BRDA:230,40,0,0
BRDA:230,40,1,0
BRDA:278,41,0,0
BRDA:278,41,1,0
BRDA:283,42,0,0
BRDA:283,42,1,0
BRDA:293,43,0,0
BRDA:293,43,1,0
BRDA:298,44,0,0
BRDA:298,44,1,0
BRDA:300,45,0,0
BRDA:300,45,1,0
BRDA:300,46,0,0
BRDA:300,46,1,0
BRDA:303,47,0,0
BRDA:303,47,1,0
BRDA:309,48,0,0
BRDA:309,48,1,0
BRDA:309,49,0,0
BRDA:309,49,1,0
BRDA:310,50,0,0
BRDA:310,50,1,0
BRDA:334,51,0,0
BRDA:334,51,1,0
BRDA:338,52,0,0
BRDA:338,52,1,0
BRDA:376,53,0,0
BRDA:376,53,1,0
BRDA:376,54,0,0
BRDA:376,54,1,0
BRDA:376,54,2,0
BRDA:381,55,0,0
BRDA:381,55,1,0
BRDA:382,56,0,0
BRDA:382,56,1,0
BRDA:383,57,0,0
BRDA:383,57,1,0
BRDA:384,58,0,0
BRDA:384,58,1,0
BRDA:386,59,0,0
BRDA:386,59,1,0
BRDA:386,60,0,0
BRDA:386,60,1,0
BRDA:388,61,0,0
BRDA:388,61,1,0
BRDA:408,62,0,0
BRDA:408,62,1,0
BRDA:413,63,0,0
BRDA:413,63,1,0
BRDA:419,64,0,0
BRDA:419,64,1,0
BRDA:419,64,2,0
BRDA:436,65,0,0
BRDA:436,65,1,0
BRDA:439,66,0,0
BRDA:439,66,1,0
BRDA:456,67,0,0
BRDA:456,67,1,0
BRDA:457,68,0,0
BRDA:457,68,1,0
BRDA:469,69,0,0
BRDA:469,69,1,0
BRDA:479,70,0,0
BRDA:479,70,1,0
BRDA:482,71,0,0
BRDA:482,71,1,0
BRDA:493,72,0,0
BRDA:493,72,1,0
BRDA:494,73,0,0
BRDA:494,73,1,0
BRDA:497,74,0,0
BRDA:497,74,1,0
BRDA:497,75,0,0
BRDA:497,75,1,0
BRDA:513,76,0,0
BRDA:513,76,1,0
BRDA:545,77,0,0
BRDA:545,77,1,0
BRDA:556,78,0,0
BRDA:556,78,1,0
BRDA:557,79,0,0
BRDA:557,79,1,0
BRDA:567,80,0,0
BRDA:567,80,1,0
BRDA:579,81,0,0
BRDA:579,81,1,0
BRDA:589,82,0,0
BRDA:589,82,1,0
BRDA:591,83,0,0
BRDA:591,83,1,0
BRDA:592,84,0,0
BRDA:592,84,1,0
BRDA:602,85,0,0
BRDA:602,85,1,0
BRDA:602,86,0,0
BRDA:602,86,1,0
BRDA:609,87,0,0
BRDA:609,87,1,0
BRDA:621,88,0,0
BRDA:621,88,1,0
BRDA:621,89,0,0
BRDA:621,89,1,0
BRDA:635,90,0,0
BRDA:635,90,1,0
BRDA:635,91,0,0
BRDA:635,91,1,0
BRDA:640,92,0,0
BRDA:640,92,1,0
BRDA:640,93,0,0
BRDA:640,93,1,0
BRDA:645,94,0,0
BRDA:645,94,1,0
BRDA:647,95,0,0
BRDA:647,95,1,0
BRDA:648,96,0,0
BRDA:648,96,1,0
BRDA:649,97,0,0
BRDA:649,97,1,0
BRDA:657,98,0,0
BRDA:657,98,1,0
BRDA:679,99,0,0
BRDA:679,99,1,0
BRDA:679,100,0,0
BRDA:679,100,1,0
BRDA:679,100,2,0
BRDA:680,101,0,0
BRDA:680,101,1,0
BRDA:684,102,0,0
BRDA:684,102,1,0
BRDA:685,103,0,0
BRDA:685,103,1,0
BRDA:686,104,0,0
BRDA:686,104,1,0
BRDA:696,105,0,0
BRDA:696,105,1,0
BRDA:701,106,0,0
BRDA:701,106,1,0
BRDA:705,107,0,0
BRDA:705,107,1,0
BRDA:707,108,0,0
BRDA:707,108,1,0
BRDA:719,109,0,0
BRDA:719,109,1,0
BRDA:721,110,0,0
BRDA:721,110,1,0
BRDA:737,111,0,0
BRDA:737,111,1,0
BRDA:742,112,0,0
BRDA:742,112,1,0
BRDA:748,113,0,0
BRDA:748,113,1,0
BRDA:748,113,2,0
BRDA:763,114,0,0
BRDA:763,114,1,0
BRDA:764,115,0,0
BRDA:764,115,1,0
BRDA:766,116,0,0
BRDA:766,116,1,0
BRDA:768,117,0,0
BRDA:768,117,1,0
BRDA:777,118,0,0
BRDA:777,118,1,0
BRDA:779,119,0,0
BRDA:779,119,1,0
BRDA:781,120,0,0
BRDA:781,120,1,0
BRDA:794,121,0,0
BRDA:794,121,1,0
BRDA:804,122,0,0
BRDA:804,122,1,0
BRDA:822,123,0,0
BRDA:822,123,1,0
BRDA:841,124,0,0
BRDA:841,124,1,0
BRDA:844,125,0,0
BRDA:844,125,1,0
BRDA:850,126,0,0
BRDA:850,126,1,0
BRF:264
BRH:0
end_of_record
TN:
SF:src\js\sessions.js
FN:15,getTags
FN:19,getTagsWithGoals
FN:23,saveTags
FN:29,getSessions
FN:33,todayKey
FN:37,formatTimeHM
FN:46,hexToRgb
FN:53,renderTimeline
FN:57,formatDateLabel
FN:64,onSessionStart
FN:89,onSessionPause
FN:99,onSessionResume
FN:108,onSessionComplete
FN:142,onSessionCancel
FN:156,(anonymous_14)
FN:175,(anonymous_15)
FN:191,(anonymous_16)
FN:207,(anonymous_17)
FN:216,(anonymous_18)
FN:239,(anonymous_19)
FN:269,(anonymous_20)
FN:276,(anonymous_21)
FN:283,(anonymous_22)
FN:290,(anonymous_23)
FN:297,renderTagList
FN:329,(anonymous_25)
FN:339,(anonymous_26)
FN:349,(anonymous_27)
FN:378,(anonymous_28)
FN:387,(anonymous_29)
FN:408,renderSessionTagDisplay
FN:414,(anonymous_31)
FN:421,(anonymous_32)
FN:429,(anonymous_33)
FN:436,(anonymous_34)
FN:446,(anonymous_35)
FN:457,(anonymous_36)
FN:460,(anonymous_37)
FN:467,renderColorPalette
FN:477,(anonymous_39)
FN:482,(anonymous_40)
FN:494,(anonymous_41)
FN:506,(anonymous_42)
FN:515,(anonymous_43)
FN:538,renderAddSessionTagDisplay
FN:544,(anonymous_45)
FN:551,(anonymous_46)
FN:559,(anonymous_47)
FN:566,(anonymous_48)
FN:576,getTaskList
FN:580,getGoalName
FN:588,renderTaskList
FN:611,(anonymous_52)
FN:617,(anonymous_53)
FN:624,(anonymous_54)
FN:630,(anonymous_55)
FN:637,(anonymous_56)
FN:658,(anonymous_57)
FN:673,formatDuration
FN:681,formatDurationShort
FN:689,getTodaySessions
FN:694,(anonymous_61)
FN:698,renderSessionTimeline
FN:707,(anonymous_63)
FN:733,(anonymous_64)
FN:736,(anonymous_65)
FN:741,(anonymous_66)
FN:754,(anonymous_67)
FN:764,(anonymous_68)
FN:771,(anonymous_69)
FN:780,formatTimeHMShort2
FN:789,escapeHtml
FN:794,getSessionsForDate
FN:798,(anonymous_73)
FN:803,(anonymous_74)
FN:838,finishEdit
FN:852,(anonymous_76)
FN:863,(anonymous_77)
FN:872,(anonymous_78)
FN:873,onClickOutside
FN:882,renderSessionSideBox
FN:945,(anonymous_81)
FN:950,(anonymous_82)
FN:982,(anonymous_83)
FN:995,(anonymous_84)
FN:1003,(anonymous_85)
FN:1012,saveRightPanelSession
FN:1033,(anonymous_87)
FN:1073,(anonymous_88)
FN:1082,(anonymous_89)
FN:1096,(anonymous_90)
FN:1107,(anonymous_91)
FN:1110,(anonymous_92)
FN:1118,(anonymous_93)
FN:1124,(anonymous_94)
FN:1169,(anonymous_95)
FN:1184,(anonymous_96)
FN:1193,renderPomoNoteTagDropdown
FN:1203,(anonymous_98)
FN:1218,(anonymous_99)
FN:1219,autoClose
FN:1230,(anonymous_101)
FN:1231,(anonymous_102)
FN:1237,(anonymous_103)
FN:1263,(anonymous_104)
FN:1265,autoClose
FN:1274,(anonymous_106)
FN:1294,(anonymous_107)
FN:1310,(anonymous_108)
FN:1316,(anonymous_109)
FN:1323,(anonymous_110)
FN:1329,(anonymous_111)
FN:1348,(anonymous_112)
FN:1360,(anonymous_113)
FN:1366,(anonymous_114)
FN:1369,(anonymous_115)
FN:1382,(anonymous_116)
FN:1396,(anonymous_117)
FN:1421,(anonymous_118)
FN:1428,(anonymous_119)
FN:1445,(anonymous_120)
FN:1468,(anonymous_121)
FN:1480,(anonymous_122)
FN:1491,(anonymous_123)
FN:1509,(anonymous_124)
FN:1525,(anonymous_125)
FN:1543,(anonymous_126)
FNF:127
FNH:0
FNDA:0,getTags
FNDA:0,getTagsWithGoals
FNDA:0,saveTags
FNDA:0,getSessions
FNDA:0,todayKey
FNDA:0,formatTimeHM
FNDA:0,hexToRgb
FNDA:0,renderTimeline
FNDA:0,formatDateLabel
FNDA:0,onSessionStart
FNDA:0,onSessionPause
FNDA:0,onSessionResume
FNDA:0,onSessionComplete
FNDA:0,onSessionCancel
FNDA:0,(anonymous_14)
FNDA:0,(anonymous_15)
FNDA:0,(anonymous_16)
FNDA:0,(anonymous_17)
FNDA:0,(anonymous_18)
FNDA:0,(anonymous_19)
FNDA:0,(anonymous_20)
FNDA:0,(anonymous_21)
FNDA:0,(anonymous_22)
FNDA:0,(anonymous_23)
FNDA:0,renderTagList
FNDA:0,(anonymous_25)
FNDA:0,(anonymous_26)
FNDA:0,(anonymous_27)
FNDA:0,(anonymous_28)
FNDA:0,(anonymous_29)
FNDA:0,renderSessionTagDisplay
FNDA:0,(anonymous_31)
FNDA:0,(anonymous_32)
FNDA:0,(anonymous_33)
FNDA:0,(anonymous_34)
FNDA:0,(anonymous_35)
FNDA:0,(anonymous_36)
FNDA:0,(anonymous_37)
FNDA:0,renderColorPalette
FNDA:0,(anonymous_39)
FNDA:0,(anonymous_40)
FNDA:0,(anonymous_41)
FNDA:0,(anonymous_42)
FNDA:0,(anonymous_43)
FNDA:0,renderAddSessionTagDisplay
FNDA:0,(anonymous_45)
FNDA:0,(anonymous_46)
FNDA:0,(anonymous_47)
FNDA:0,(anonymous_48)
FNDA:0,getTaskList
FNDA:0,getGoalName
FNDA:0,renderTaskList
FNDA:0,(anonymous_52)
FNDA:0,(anonymous_53)
FNDA:0,(anonymous_54)
FNDA:0,(anonymous_55)
FNDA:0,(anonymous_56)
FNDA:0,(anonymous_57)
FNDA:0,formatDuration
FNDA:0,formatDurationShort
FNDA:0,getTodaySessions
FNDA:0,(anonymous_61)
FNDA:0,renderSessionTimeline
FNDA:0,(anonymous_63)
FNDA:0,(anonymous_64)
FNDA:0,(anonymous_65)
FNDA:0,(anonymous_66)
FNDA:0,(anonymous_67)
FNDA:0,(anonymous_68)
FNDA:0,(anonymous_69)
FNDA:0,formatTimeHMShort2
FNDA:0,escapeHtml
FNDA:0,getSessionsForDate
FNDA:0,(anonymous_73)
FNDA:0,(anonymous_74)
FNDA:0,finishEdit
FNDA:0,(anonymous_76)
FNDA:0,(anonymous_77)
FNDA:0,(anonymous_78)
FNDA:0,onClickOutside
FNDA:0,renderSessionSideBox
FNDA:0,(anonymous_81)
FNDA:0,(anonymous_82)
FNDA:0,(anonymous_83)
FNDA:0,(anonymous_84)
FNDA:0,(anonymous_85)
FNDA:0,saveRightPanelSession
FNDA:0,(anonymous_87)
FNDA:0,(anonymous_88)
FNDA:0,(anonymous_89)
FNDA:0,(anonymous_90)
FNDA:0,(anonymous_91)
FNDA:0,(anonymous_92)
FNDA:0,(anonymous_93)
FNDA:0,(anonymous_94)
FNDA:0,(anonymous_95)
FNDA:0,(anonymous_96)
FNDA:0,renderPomoNoteTagDropdown
FNDA:0,(anonymous_98)
FNDA:0,(anonymous_99)
FNDA:0,autoClose
FNDA:0,(anonymous_101)
FNDA:0,(anonymous_102)
FNDA:0,(anonymous_103)
FNDA:0,(anonymous_104)
FNDA:0,autoClose
FNDA:0,(anonymous_106)
FNDA:0,(anonymous_107)
FNDA:0,(anonymous_108)
FNDA:0,(anonymous_109)
FNDA:0,(anonymous_110)
FNDA:0,(anonymous_111)
FNDA:0,(anonymous_112)
FNDA:0,(anonymous_113)
FNDA:0,(anonymous_114)
FNDA:0,(anonymous_115)
FNDA:0,(anonymous_116)
FNDA:0,(anonymous_117)
FNDA:0,(anonymous_118)
FNDA:0,(anonymous_119)
FNDA:0,(anonymous_120)
FNDA:0,(anonymous_121)
FNDA:0,(anonymous_122)
FNDA:0,(anonymous_123)
FNDA:0,(anonymous_124)
FNDA:0,(anonymous_125)
FNDA:0,(anonymous_126)
DA:3,0
DA:4,0
DA:5,0
DA:6,0
DA:7,0
DA:8,0
DA:9,0
DA:10,0
DA:11,0
DA:12,0
DA:13,0
DA:16,0
DA:20,0
DA:24,0
DA:25,0
DA:30,0
DA:34,0
DA:38,0
DA:39,0
DA:40,0
DA:41,0
DA:42,0
DA:43,0
DA:47,0
DA:48,0
DA:49,0
DA:50,0
DA:58,0
DA:59,0
DA:60,0
DA:65,0
DA:66,0
DA:67,0
DA:69,0
DA:70,0
DA:81,0
DA:82,0
DA:83,0
DA:84,0
DA:85,0
DA:90,0
DA:91,0
DA:92,0
DA:93,0
DA:94,0
DA:95,0
DA:96,0
DA:100,0
DA:101,0
DA:102,0
DA:103,0
DA:104,0
DA:105,0
DA:109,0
DA:110,0
DA:111,0
DA:112,0
DA:113,0
DA:114,0
DA:115,0
DA:117,0
DA:118,0
DA:120,0
DA:121,0
DA:132,0
DA:133,0
DA:134,0
DA:136,0
DA:137,0
DA:138,0
DA:139,0
DA:143,0
DA:144,0
DA:145,0
DA:146,0
DA:147,0
DA:149,0
DA:150,0
DA:151,0
DA:152,0
DA:155,0
DA:156,0
DA:157,0
DA:158,0
DA:159,0
DA:160,0
DA:161,0
DA:163,0
DA:164,0
DA:165,0
DA:166,0
DA:167,0
DA:169,0
DA:170,0
DA:174,0
DA:175,0
DA:176,0
DA:177,0
DA:178,0
DA:179,0
DA:180,0
DA:181,0
DA:182,0
DA:183,0
DA:184,0
DA:186,0
DA:187,0
DA:190,0
DA:191,0
DA:192,0
DA:193,0
DA:194,0
DA:195,0
DA:196,0
DA:197,0
DA:198,0
DA:199,0
DA:200,0
DA:202,0
DA:203,0
DA:206,0
DA:207,0
DA:209,0
DA:212,0
DA:215,0
DA:216,0
DA:217,0
DA:219,0
DA:220,0
DA:221,0
DA:222,0
DA:223,0
DA:224,0
DA:226,0
DA:227,0
DA:229,0
DA:230,0
DA:231,0
DA:234,0
DA:236,0
DA:239,0
DA:240,0
DA:241,0
DA:242,0
DA:243,0
DA:244,0
DA:245,0
DA:246,0
DA:247,0
DA:248,0
DA:249,0
DA:250,0
DA:251,0
DA:252,0
DA:254,0
DA:255,0
DA:256,0
DA:257,0
DA:258,0
DA:260,0
DA:261,0
DA:262,0
DA:263,0
DA:264,0
DA:265,0
DA:269,0
DA:270,0
DA:271,0
DA:272,0
DA:273,0
DA:276,0
DA:277,0
DA:278,0
DA:279,0
DA:280,0
DA:283,0
DA:284,0
DA:285,0
DA:286,0
DA:287,0
DA:290,0
DA:291,0
DA:292,0
DA:293,0
DA:294,0
DA:298,0
DA:299,0
DA:300,0
DA:301,0
DA:302,0
DA:303,0
DA:304,0
DA:305,0
DA:306,0
DA:307,0
DA:308,0
DA:309,0
DA:310,0
DA:311,0
DA:313,0
DA:314,0
DA:315,0
DA:316,0
DA:317,0
DA:318,0
DA:319,0
DA:320,0
DA:323,0
DA:324,0
DA:326,0
DA:329,0
DA:330,0
DA:331,0
DA:332,0
DA:333,0
DA:334,0
DA:335,0
DA:339,0
DA:340,0
DA:341,0
DA:342,0
DA:343,0
DA:344,0
DA:345,0
DA:349,0
DA:350,0
DA:351,0
DA:352,0
DA:353,0
DA:355,0
DA:356,0
DA:357,0
DA:358,0
DA:359,0
DA:360,0
DA:361,0
DA:364,0
DA:367,0
DA:368,0
DA:369,0
DA:370,0
DA:371,0
DA:372,0
DA:373,0
DA:374,0
DA:375,0
DA:378,0
DA:379,0
DA:380,0
DA:381,0
DA:382,0
DA:383,0
DA:387,0
DA:388,0
DA:389,0
DA:390,0
DA:391,0
DA:392,0
DA:393,0
DA:394,0
DA:395,0
DA:396,0
DA:397,0
DA:398,0
DA:400,0
DA:401,0
DA:402,0
DA:403,0
DA:404,0
DA:405,0
DA:409,0
DA:410,0
DA:411,0
DA:412,0
DA:413,0
DA:414,0
DA:415,0
DA:416,0
DA:419,0
DA:420,0
DA:421,0
DA:422,0
DA:423,0
DA:426,0
DA:429,0
DA:430,0
DA:431,0
DA:432,0
DA:433,0
DA:436,0
DA:437,0
DA:438,0
DA:439,0
DA:440,0
DA:444,0
DA:446,0
DA:447,0
DA:448,0
DA:449,0
DA:450,0
DA:451,0
DA:452,0
DA:453,0
DA:454,0
DA:455,0
DA:456,0
DA:457,0
DA:460,0
DA:461,0
DA:462,0
DA:463,0
DA:468,0
DA:469,0
DA:470,0
DA:471,0
DA:472,0
DA:474,0
DA:477,0
DA:478,0
DA:479,0
DA:482,0
DA:483,0
DA:484,0
DA:485,0
DA:486,0
DA:487,0
DA:488,0
DA:489,0
DA:490,0
DA:494,0
DA:495,0
DA:496,0
DA:497,0
DA:498,0
DA:499,0
DA:500,0
DA:501,0
DA:502,0
DA:503,0
DA:506,0
DA:507,0
DA:508,0
DA:509,0
DA:510,0
DA:511,0
DA:515,0
DA:516,0
DA:517,0
DA:518,0
DA:519,0
DA:530,0
DA:531,0
DA:532,0
DA:533,0
DA:534,0
DA:535,0
DA:539,0
DA:540,0
DA:541,0
DA:542,0
DA:543,0
DA:544,0
DA:545,0
DA:546,0
DA:549,0
DA:550,0
DA:551,0
DA:552,0
DA:553,0
DA:556,0
DA:559,0
DA:560,0
DA:561,0
DA:562,0
DA:563,0
DA:566,0
DA:567,0
DA:568,0
DA:569,0
DA:570,0
DA:577,0
DA:581,0
DA:582,0
DA:583,0
DA:585,0
DA:589,0
DA:590,0
DA:591,0
DA:592,0
DA:593,0
DA:594,0
DA:596,0
DA:597,0
DA:598,0
DA:599,0
DA:600,0
DA:601,0
DA:602,0
DA:603,0
DA:608,0
DA:611,0
DA:612,0
DA:613,0
DA:614,0
DA:615,0
DA:616,0
DA:617,0
DA:618,0
DA:620,0
DA:624,0
DA:625,0
DA:626,0
DA:627,0
DA:628,0
DA:629,0
DA:630,0
DA:631,0
DA:633,0
DA:637,0
DA:638,0
DA:639,0
DA:640,0
DA:641,0
DA:642,0
DA:643,0
DA:644,0
DA:646,0
DA:647,0
DA:648,0
DA:649,0
DA:650,0
DA:651,0
DA:653,0
DA:658,0
DA:659,0
DA:660,0
DA:661,0
DA:662,0
DA:664,0
DA:665,0
DA:674,0
DA:675,0
DA:676,0
DA:677,0
DA:678,0
DA:682,0
DA:683,0
DA:684,0
DA:685,0
DA:686,0
DA:690,0
DA:691,0
DA:692,0
DA:693,0
DA:694,0
DA:695,0
DA:700,0
DA:703,0
DA:704,0
DA:705,0
DA:707,0
DA:708,0
DA:709,0
DA:710,0
DA:711,0
DA:713,0
DA:714,0
DA:715,0
DA:716,0
DA:718,0
DA:719,0
DA:720,0
DA:723,0
DA:724,0
DA:725,0
DA:727,0
DA:728,0
DA:729,0
DA:732,0
DA:733,0
DA:736,0
DA:737,0
DA:738,0
DA:741,0
DA:742,0
DA:744,0
DA:745,0
DA:746,0
DA:747,0
DA:750,0
DA:751,0
DA:754,0
DA:755,0
DA:756,0
DA:757,0
DA:762,0
DA:764,0
DA:765,0
DA:766,0
DA:767,0
DA:768,0
DA:771,0
DA:772,0
DA:773,0
DA:774,0
DA:775,0
DA:776,0
DA:777,0
DA:781,0
DA:782,0
DA:783,0
DA:784,0
DA:785,0
DA:786,0
DA:790,0
DA:791,0
DA:795,0
DA:796,0
DA:797,0
DA:798,0
DA:799,0
DA:803,0
DA:804,0
DA:805,0
DA:806,0
DA:808,0
DA:809,0
DA:810,0
DA:811,0
DA:812,0
DA:813,0
DA:814,0
DA:815,0
DA:816,0
DA:818,0
DA:819,0
DA:820,0
DA:821,0
DA:822,0
DA:823,0
DA:824,0
DA:825,0
DA:826,0
DA:827,0
DA:828,0
DA:829,0
DA:830,0
DA:832,0
DA:833,0
DA:834,0
DA:835,0
DA:837,0
DA:839,0
DA:840,0
DA:841,0
DA:842,0
DA:843,0
DA:844,0
DA:845,0
DA:847,0
DA:848,0
DA:849,0
DA:850,0
DA:851,0
DA:852,0
DA:853,0
DA:855,0
DA:856,0
DA:859,0
DA:863,0
DA:864,0
DA:865,0
DA:866,0
DA:867,0
DA:868,0
DA:872,0
DA:873,0
DA:874,0
DA:875,0
DA:876,0
DA:883,0
DA:884,0
DA:885,0
DA:886,0
DA:887,0
DA:889,0
DA:890,0
DA:891,0
DA:892,0
DA:893,0
DA:894,0
DA:895,0
DA:898,0
DA:899,0
DA:901,0
DA:902,0
DA:903,0
DA:906,0
DA:907,0
DA:909,0
DA:911,0
DA:912,0
DA:913,0
DA:915,0
DA:916,0
DA:917,0
DA:918,0
DA:920,0
DA:921,0
DA:923,0
DA:926,0
DA:928,0
DA:929,0
DA:930,0
DA:932,0
DA:934,0
DA:935,0
DA:936,0
DA:937,0
DA:939,0
DA:940,0
DA:941,0
DA:943,0
DA:944,0
DA:945,0
DA:946,0
DA:947,0
DA:949,0
DA:950,0
DA:951,0
DA:952,0
DA:955,0
DA:957,0
DA:958,0
DA:959,0
DA:960,0
DA:961,0
DA:962,0
DA:964,0
DA:967,0
DA:968,0
DA:969,0
DA:970,0
DA:972,0
DA:973,0
DA:976,0
DA:978,0
DA:979,0
DA:982,0
DA:983,0
DA:984,0
DA:985,0
DA:986,0
DA:987,0
DA:988,0
DA:990,0
DA:991,0
DA:995,0
DA:996,0
DA:997,0
DA:998,0
DA:999,0
DA:1003,0
DA:1006,0
DA:1007,0
DA:1008,0
DA:1013,0
DA:1014,0
DA:1015,0
DA:1016,0
DA:1017,0
DA:1018,0
DA:1020,0
DA:1030,0
DA:1031,0
DA:1033,0
DA:1034,0
DA:1035,0
DA:1037,0
DA:1039,0
DA:1040,0
DA:1041,0
DA:1042,0
DA:1043,0
DA:1044,0
DA:1045,0
DA:1046,0
DA:1047,0
DA:1048,0
DA:1049,0
DA:1050,0
DA:1051,0
DA:1052,0
DA:1053,0
DA:1054,0
DA:1056,0
DA:1057,0
DA:1058,0
DA:1059,0
DA:1060,0
DA:1063,0
DA:1064,0
DA:1065,0
DA:1066,0
DA:1067,0
DA:1068,0
DA:1073,0
DA:1074,0
DA:1075,0
DA:1078,0
DA:1079,0
DA:1080,0
DA:1081,0
DA:1082,0
DA:1083,0
DA:1084,0
DA:1085,0
DA:1086,0
DA:1091,0
DA:1092,0
DA:1093,0
DA:1094,0
DA:1095,0
DA:1096,0
DA:1097,0
DA:1098,0
DA:1099,0
DA:1100,0
DA:1104,0
DA:1106,0
DA:1107,0
DA:1110,0
DA:1111,0
DA:1112,0
DA:1113,0
DA:1114,0
DA:1115,0
DA:1118,0
DA:1119,0
DA:1120,0
DA:1121,0
DA:1124,0
DA:1125,0
DA:1126,0
DA:1128,0
DA:1129,0
DA:1130,0
DA:1131,0
DA:1133,0
DA:1134,0
DA:1136,0
DA:1137,0
DA:1138,0
DA:1139,0
DA:1142,0
DA:1143,0
DA:1145,0
DA:1146,0
DA:1148,0
DA:1149,0
DA:1151,0
DA:1152,0
DA:1154,0
DA:1155,0
DA:1156,0
DA:1157,0
DA:1158,0
DA:1159,0
DA:1163,0
DA:1164,0
DA:1165,0
DA:1166,0
DA:1169,0
DA:1170,0
DA:1171,0
DA:1172,0
DA:1173,0
DA:1174,0
DA:1175,0
DA:1177,0
DA:1178,0
DA:1179,0
DA:1180,0
DA:1184,0
DA:1185,0
DA:1186,0
DA:1187,0
DA:1188,0
DA:1189,0
DA:1194,0
DA:1195,0
DA:1197,0
DA:1198,0
DA:1199,0
DA:1201,0
DA:1202,0
DA:1203,0
DA:1204,0
DA:1205,0
DA:1207,0
DA:1208,0
DA:1210,0
DA:1211,0
DA:1213,0
DA:1214,0
DA:1215,0
DA:1216,0
DA:1218,0
DA:1219,0
DA:1220,0
DA:1221,0
DA:1222,0
DA:1227,0
DA:1230,0
DA:1231,0
DA:1232,0
DA:1233,0
DA:1237,0
DA:1238,0
DA:1239,0
DA:1241,0
DA:1242,0
DA:1243,0
DA:1245,0
DA:1246,0
DA:1247,0
DA:1248,0
DA:1249,0
DA:1250,0
DA:1251,0
DA:1252,0
DA:1253,0
DA:1254,0
DA:1255,0
DA:1256,0
DA:1258,0
DA:1259,0
DA:1260,0
DA:1261,0
DA:1263,0
DA:1264,0
DA:1265,0
DA:1266,0
DA:1267,0
DA:1268,0
DA:1274,0
DA:1275,0
DA:1276,0
DA:1277,0
DA:1279,0
DA:1280,0
DA:1282,0
DA:1288,0
DA:1289,0
DA:1290,0
DA:1294,0
DA:1295,0
DA:1296,0
DA:1297,0
DA:1298,0
DA:1300,0
DA:1301,0
DA:1302,0
DA:1303,0
DA:1306,0
DA:1307,0
DA:1310,0
DA:1311,0
DA:1312,0
DA:1313,0
DA:1314,0
DA:1315,0
DA:1316,0
DA:1317,0
DA:1318,0
DA:1323,0
DA:1324,0
DA:1325,0
DA:1326,0
DA:1329,0
DA:1330,0
DA:1331,0
DA:1332,0
DA:1333,0
DA:1334,0
DA:1335,0
DA:1337,0
DA:1345,0
DA:1348,0
DA:1349,0
DA:1350,0
DA:1354,0
DA:1355,0
DA:1356,0
DA:1357,0
DA:1359,0
DA:1360,0
DA:1361,0
DA:1362,0
DA:1363,0
DA:1366,0
DA:1367,0
DA:1368,0
DA:1369,0
DA:1370,0
DA:1371,0
DA:1372,0
DA:1373,0
DA:1374,0
DA:1375,0
DA:1376,0
DA:1377,0
DA:1382,0
DA:1383,0
DA:1384,0
DA:1385,0
DA:1386,0
DA:1387,0
DA:1388,0
DA:1389,0
DA:1390,0
DA:1396,0
DA:1397,0
DA:1398,0
DA:1399,0
DA:1400,0
DA:1401,0
DA:1402,0
DA:1403,0
DA:1404,0
DA:1407,0
DA:1408,0
DA:1409,0
DA:1410,0
DA:1412,0
DA:1413,0
DA:1414,0
DA:1415,0
DA:1419,0
DA:1420,0
DA:1421,0
DA:1422,0
DA:1423,0
DA:1425,0
DA:1428,0
DA:1429,0
DA:1430,0
DA:1431,0
DA:1432,0
DA:1433,0
DA:1434,0
DA:1442,0
DA:1443,0
DA:1445,0
DA:1446,0
DA:1448,0
DA:1449,0
DA:1450,0
DA:1452,0
DA:1454,0
DA:1456,0
DA:1458,0
DA:1459,0
DA:1461,0
DA:1462,0
DA:1463,0
DA:1465,0
DA:1466,0
DA:1467,0
DA:1468,0
DA:1469,0
DA:1470,0
DA:1471,0
DA:1474,0
DA:1475,0
DA:1477,0
DA:1480,0
DA:1481,0
DA:1482,0
DA:1483,0
DA:1484,0
DA:1485,0
DA:1487,0
DA:1488,0
DA:1491,0
DA:1492,0
DA:1493,0
DA:1494,0
DA:1496,0
DA:1497,0
DA:1500,0
DA:1501,0
DA:1503,0
DA:1505,0
DA:1506,0
DA:1509,0
DA:1510,0
DA:1512,0
DA:1513,0
DA:1516,0
DA:1517,0
DA:1519,0
DA:1521,0
DA:1522,0
DA:1525,0
DA:1526,0
DA:1527,0
DA:1528,0
DA:1529,0
DA:1530,0
DA:1531,0
DA:1532,0
DA:1533,0
DA:1535,0
DA:1536,0
DA:1537,0
DA:1538,0
DA:1539,0
DA:1543,0
DA:1544,0
DA:1545,0
LF:1021
LH:0
BRDA:16,0,0,0
BRDA:16,0,1,0
BRDA:20,1,0,0
BRDA:20,1,1,0
BRDA:30,2,0,0
BRDA:30,2,1,0
BRDA:40,3,0,0
BRDA:40,3,1,0
BRDA:41,4,0,0
BRDA:41,4,1,0
BRDA:42,5,0,0
BRDA:42,5,1,0
BRDA:43,6,0,0
BRDA:43,6,1,0
BRDA:66,7,0,0
BRDA:66,7,1,0
BRDA:69,8,0,0
BRDA:69,8,1,0
BRDA:69,9,0,0
BRDA:69,9,1,0
BRDA:74,10,0,0
BRDA:74,10,1,0
BRDA:84,11,0,0
BRDA:84,11,1,0
BRDA:84,12,0,0
BRDA:84,12,1,0
BRDA:90,13,0,0
BRDA:90,13,1,0
BRDA:90,14,0,0
BRDA:90,14,1,0
BRDA:100,15,0,0
BRDA:100,15,1,0
BRDA:109,16,0,0
BRDA:109,16,1,0
BRDA:114,17,0,0
BRDA:114,17,1,0
BRDA:117,18,0,0
BRDA:117,18,1,0
BRDA:125,19,0,0
BRDA:125,19,1,0
BRDA:127,20,0,0
BRDA:127,20,1,0
BRDA:128,21,0,0
BRDA:128,21,1,0
BRDA:129,22,0,0
BRDA:129,22,1,0
BRDA:130,23,0,0
BRDA:130,23,1,0
BRDA:133,24,0,0
BRDA:133,24,1,0
BRDA:133,25,0,0
BRDA:133,25,1,0
BRDA:133,25,2,0
BRDA:143,26,0,0
BRDA:143,26,1,0
BRDA:146,27,0,0
BRDA:146,27,1,0
BRDA:146,28,0,0
BRDA:146,28,1,0
BRDA:146,28,2,0
BRDA:157,29,0,0
BRDA:157,29,1,0
BRDA:158,30,0,0
BRDA:158,30,1,0
BRDA:159,31,0,0
BRDA:159,31,1,0
BRDA:164,32,0,0
BRDA:164,32,1,0
BRDA:164,33,0,0
BRDA:164,33,1,0
BRDA:170,34,0,0
BRDA:170,34,1,0
BRDA:177,35,0,0
BRDA:177,35,1,0
BRDA:179,36,0,0
BRDA:179,36,1,0
BRDA:182,37,0,0
BRDA:182,37,1,0
BRDA:182,38,0,0
BRDA:182,38,1,0
BRDA:193,39,0,0
BRDA:193,39,1,0
BRDA:195,40,0,0
BRDA:195,40,1,0
BRDA:198,41,0,0
BRDA:198,41,1,0
BRDA:198,42,0,0
BRDA:198,42,1,0
BRDA:217,43,0,0
BRDA:217,43,1,0
BRDA:221,44,0,0
BRDA:221,44,1,0
BRDA:221,45,0,0
BRDA:221,45,1,0
BRDA:222,46,0,0
BRDA:222,46,1,0
BRDA:226,47,0,0
BRDA:226,47,1,0
BRDA:240,48,0,0
BRDA:240,48,1,0
BRDA:242,49,0,0
BRDA:242,49,1,0
BRDA:244,50,0,0
BRDA:244,50,1,0
BRDA:245,51,0,0
BRDA:245,51,1,0
BRDA:256,52,0,0
BRDA:256,52,1,0
BRDA:256,53,0,0
BRDA:256,53,1,0
BRDA:265,54,0,0
BRDA:265,54,1,0
BRDA:273,55,0,0
BRDA:273,55,1,0
BRDA:280,56,0,0
BRDA:280,56,1,0
BRDA:287,57,0,0
BRDA:287,57,1,0
BRDA:294,58,0,0
BRDA:294,58,1,0
BRDA:299,59,0,0
BRDA:299,59,1,0
BRDA:301,60,0,0
BRDA:301,60,1,0
BRDA:302,61,0,0
BRDA:302,61,1,0
BRDA:303,62,0,0
BRDA:303,62,1,0
BRDA:304,63,0,0
BRDA:304,63,1,0
BRDA:313,64,0,0
BRDA:313,64,1,0
BRDA:323,65,0,0
BRDA:323,65,1,0
BRDA:323,66,0,0
BRDA:323,66,1,0
BRDA:332,67,0,0
BRDA:332,67,1,0
BRDA:334,68,0,0
BRDA:334,68,1,0
BRDA:342,69,0,0
BRDA:342,69,1,0
BRDA:344,70,0,0
BRDA:344,70,1,0
BRDA:352,71,0,0
BRDA:352,71,1,0
BRDA:352,72,0,0
BRDA:352,72,1,0
BRDA:359,73,0,0
BRDA:359,73,1,0
BRDA:364,74,0,0
BRDA:364,74,1,0
BRDA:367,75,0,0
BRDA:367,75,1,0
BRDA:369,76,0,0
BRDA:369,76,1,0
BRDA:369,77,0,0
BRDA:369,77,1,0
BRDA:370,78,0,0
BRDA:370,78,1,0
BRDA:371,79,0,0
BRDA:371,79,1,0
BRDA:372,80,0,0
BRDA:372,80,1,0
BRDA:375,81,0,0
BRDA:375,81,1,0
BRDA:379,82,0,0
BRDA:379,82,1,0
BRDA:379,83,0,0
BRDA:379,83,1,0
BRDA:381,84,0,0
BRDA:381,84,1,0
BRDA:383,85,0,0
BRDA:383,85,1,0
BRDA:388,86,0,0
BRDA:388,86,1,0
BRDA:389,87,0,0
BRDA:389,87,1,0
BRDA:389,88,0,0
BRDA:389,88,1,0
BRDA:397,89,0,0
BRDA:397,89,1,0
BRDA:405,90,0,0
BRDA:405,90,1,0
BRDA:410,91,0,0
BRDA:410,91,1,0
BRDA:412,92,0,0
BRDA:412,92,1,0
BRDA:415,93,0,0
BRDA:415,93,1,0
BRDA:419,94,0,0
BRDA:419,94,1,0
BRDA:421,95,0,0
BRDA:421,95,1,0
BRDA:422,96,0,0
BRDA:422,96,1,0
BRDA:426,97,0,0
BRDA:426,97,1,0
BRDA:433,98,0,0
BRDA:433,98,1,0
BRDA:440,99,0,0
BRDA:440,99,1,0
BRDA:448,100,0,0
BRDA:448,100,1,0
BRDA:450,101,0,0
BRDA:450,101,1,0
BRDA:452,102,0,0
BRDA:452,102,1,0
BRDA:456,103,0,0
BRDA:456,103,1,0
BRDA:457,104,0,0
BRDA:457,104,1,0
BRDA:461,105,0,0
BRDA:461,105,1,0
BRDA:461,106,0,0
BRDA:461,106,1,0
BRDA:463,107,0,0
BRDA:463,107,1,0
BRDA:469,108,0,0
BRDA:469,108,1,0
BRDA:472,109,0,0
BRDA:472,109,1,0
BRDA:483,110,0,0
BRDA:483,110,1,0
BRDA:484,111,0,0
BRDA:484,111,1,0
BRDA:490,112,0,0
BRDA:490,112,1,0
BRDA:497,113,0,0
BRDA:497,113,1,0
BRDA:498,114,0,0
BRDA:498,114,1,0
BRDA:503,115,0,0
BRDA:503,115,1,0
BRDA:507,116,0,0
BRDA:507,116,1,0
BRDA:507,117,0,0
BRDA:507,117,1,0
BRDA:509,118,0,0
BRDA:509,118,1,0
BRDA:511,119,0,0
BRDA:511,119,1,0
BRDA:516,120,0,0
BRDA:516,120,1,0
BRDA:517,121,0,0
BRDA:517,121,1,0
BRDA:527,122,0,0
BRDA:527,122,1,0
BRDA:528,123,0,0
BRDA:528,123,1,0
BRDA:535,124,0,0
BRDA:535,124,1,0
BRDA:540,125,0,0
BRDA:540,125,1,0
BRDA:542,126,0,0
BRDA:542,126,1,0
BRDA:545,127,0,0
BRDA:545,127,1,0
BRDA:549,128,0,0
BRDA:549,128,1,0
BRDA:551,129,0,0
BRDA:551,129,1,0
BRDA:552,130,0,0
BRDA:552,130,1,0
BRDA:556,131,0,0
BRDA:556,131,1,0
BRDA:563,132,0,0
BRDA:563,132,1,0
BRDA:570,133,0,0
BRDA:570,133,1,0
BRDA:577,134,0,0
BRDA:577,134,1,0
BRDA:581,135,0,0
BRDA:581,135,1,0
BRDA:581,136,0,0
BRDA:581,136,1,0
BRDA:583,137,0,0
BRDA:583,137,1,0
BRDA:583,138,0,0
BRDA:583,138,1,0
BRDA:591,139,0,0
BRDA:591,139,1,0
BRDA:592,140,0,0
BRDA:592,140,1,0
BRDA:600,141,0,0
BRDA:600,141,1,0
BRDA:601,142,0,0
BRDA:601,142,1,0
BRDA:604,143,0,0
BRDA:604,143,1,0
BRDA:605,144,0,0
BRDA:605,144,1,0
BRDA:612,145,0,0
BRDA:612,145,1,0
BRDA:615,146,0,0
BRDA:615,146,1,0
BRDA:615,147,0,0
BRDA:615,147,1,0
BRDA:616,148,0,0
BRDA:616,148,1,0
BRDA:625,149,0,0
BRDA:625,149,1,0
BRDA:628,150,0,0
BRDA:628,150,1,0
BRDA:628,151,0,0
BRDA:628,151,1,0
BRDA:629,152,0,0
BRDA:629,152,1,0
BRDA:640,153,0,0
BRDA:640,153,1,0
BRDA:640,154,0,0
BRDA:640,154,1,0
BRDA:642,155,0,0
BRDA:642,155,1,0
BRDA:647,156,0,0
BRDA:647,156,1,0
BRDA:647,157,0,0
BRDA:647,157,1,0
BRDA:649,158,0,0
BRDA:649,158,1,0
BRDA:661,159,0,0
BRDA:661,159,1,0
BRDA:661,160,0,0
BRDA:661,160,1,0
BRDA:661,160,2,0
BRDA:661,160,3,0
BRDA:664,161,0,0
BRDA:664,161,1,0
BRDA:664,162,0,0
BRDA:664,162,1,0
BRDA:664,162,2,0
BRDA:664,162,3,0
BRDA:674,163,0,0
BRDA:674,163,1,0
BRDA:675,164,0,0
BRDA:675,164,1,0
BRDA:682,165,0,0
BRDA:682,165,1,0
BRDA:683,166,0,0
BRDA:683,166,1,0
BRDA:686,167,0,0
BRDA:686,167,1,0
BRDA:691,168,0,0
BRDA:691,168,1,0
BRDA:693,169,0,0
BRDA:693,169,1,0
BRDA:711,170,0,0
BRDA:711,170,1,0
BRDA:711,171,0,0
BRDA:711,171,1,0
BRDA:713,172,0,0
BRDA:713,172,1,0
BRDA:715,173,0,0
BRDA:715,173,1,0
BRDA:715,174,0,0
BRDA:715,174,1,0
BRDA:720,175,0,0
BRDA:720,175,1,0
BRDA:723,176,0,0
BRDA:723,176,1,0
BRDA:723,177,0,0
BRDA:723,177,1,0
BRDA:724,178,0,0
BRDA:724,178,1,0
BRDA:724,179,0,0
BRDA:724,179,1,0
BRDA:725,180,0,0
BRDA:725,180,1,0
BRDA:725,181,0,0
BRDA:725,181,1,0
BRDA:738,182,0,0
BRDA:738,182,1,0
BRDA:742,183,0,0
BRDA:742,183,1,0
BRDA:744,184,0,0
BRDA:744,184,1,0
BRDA:744,185,0,0
BRDA:744,185,1,0
BRDA:744,185,2,0
BRDA:746,186,0,0
BRDA:746,186,1,0
BRDA:756,187,0,0
BRDA:756,187,1,0
BRDA:756,188,0,0
BRDA:756,188,1,0
BRDA:773,189,0,0
BRDA:773,189,1,0
BRDA:783,190,0,0
BRDA:783,190,1,0
BRDA:784,191,0,0
BRDA:784,191,1,0
BRDA:785,192,0,0
BRDA:785,192,1,0
BRDA:786,193,0,0
BRDA:786,193,1,0
BRDA:790,194,0,0
BRDA:790,194,1,0
BRDA:790,195,0,0
BRDA:790,195,1,0
BRDA:796,196,0,0
BRDA:796,196,1,0
BRDA:797,197,0,0
BRDA:797,197,1,0
BRDA:806,198,0,0
BRDA:806,198,1,0
BRDA:839,199,0,0
BRDA:839,199,1,0
BRDA:843,200,0,0
BRDA:843,200,1,0
BRDA:843,201,0,0
BRDA:843,201,1,0
BRDA:844,202,0,0
BRDA:844,202,1,0
BRDA:844,203,0,0
BRDA:844,203,1,0
BRDA:851,204,0,0
BRDA:851,204,1,0
BRDA:853,205,0,0
BRDA:853,205,1,0
BRDA:855,206,0,0
BRDA:855,206,1,0
BRDA:864,207,0,0
BRDA:864,207,1,0
BRDA:866,208,0,0
BRDA:866,208,1,0
BRDA:874,209,0,0
BRDA:874,209,1,0
BRDA:887,210,0,0
BRDA:887,210,1,0
BRDA:890,211,0,0
BRDA:890,211,1,0
BRDA:891,212,0,0
BRDA:891,212,1,0
BRDA:892,213,0,0
BRDA:892,213,1,0
BRDA:893,214,0,0
BRDA:893,214,1,0
BRDA:894,215,0,0
BRDA:894,215,1,0
BRDA:899,216,0,0
BRDA:899,216,1,0
BRDA:901,217,0,0
BRDA:901,217,1,0
BRDA:901,218,0,0
BRDA:901,218,1,0
BRDA:907,219,0,0
BRDA:907,219,1,0
BRDA:913,220,0,0
BRDA:913,220,1,0
BRDA:917,221,0,0
BRDA:917,221,1,0
BRDA:920,222,0,0
BRDA:920,222,1,0
BRDA:923,223,0,0
BRDA:923,223,1,0
BRDA:924,224,0,0
BRDA:924,224,1,0
BRDA:928,225,0,0
BRDA:928,225,1,0
BRDA:929,226,0,0
BRDA:929,226,1,0
BRDA:930,227,0,0
BRDA:930,227,1,0
BRDA:935,228,0,0
BRDA:935,228,1,0
BRDA:936,229,0,0
BRDA:936,229,1,0
BRDA:944,230,0,0
BRDA:944,230,1,0
BRDA:946,231,0,0
BRDA:946,231,1,0
BRDA:949,232,0,0
BRDA:949,232,1,0
BRDA:951,233,0,0
BRDA:951,233,1,0
BRDA:955,234,0,0
BRDA:955,234,1,0
BRDA:957,235,0,0
BRDA:957,235,1,0
BRDA:960,236,0,0
BRDA:960,236,1,0
BRDA:961,237,0,0
BRDA:961,237,1,0
BRDA:968,238,0,0
BRDA:968,238,1,0
BRDA:984,239,0,0
BRDA:984,239,1,0
BRDA:986,240,0,0
BRDA:986,240,1,0
BRDA:988,241,0,0
BRDA:988,241,1,0
BRDA:991,242,0,0
BRDA:991,242,1,0
BRDA:997,243,0,0
BRDA:997,243,1,0
BRDA:998,244,0,0
BRDA:998,244,1,0
BRDA:1007,245,0,0
BRDA:1007,245,1,0
BRDA:1013,246,0,0
BRDA:1013,246,1,0
BRDA:1015,247,0,0
BRDA:1015,247,1,0
BRDA:1017,248,0,0
BRDA:1017,248,1,0
BRDA:1017,249,0,0
BRDA:1017,249,1,0
BRDA:1021,250,0,0
BRDA:1021,250,1,0
BRDA:1022,251,0,0
BRDA:1022,251,1,0
BRDA:1024,252,0,0
BRDA:1024,252,1,0
BRDA:1034,253,0,0
BRDA:1034,253,1,0
BRDA:1041,254,0,0
BRDA:1041,254,1,0
BRDA:1041,255,0,0
BRDA:1041,255,1,0
BRDA:1042,256,0,0
BRDA:1042,256,1,0
BRDA:1049,257,0,0
BRDA:1049,257,1,0
BRDA:1056,258,0,0
BRDA:1056,258,1,0
BRDA:1056,259,0,0
BRDA:1056,259,1,0
BRDA:1058,260,0,0
BRDA:1058,260,1,0
BRDA:1060,261,0,0
BRDA:1060,261,1,0
BRDA:1060,262,0,0
BRDA:1060,262,1,0
BRDA:1075,263,0,0
BRDA:1075,263,1,0
BRDA:1079,264,0,0
BRDA:1079,264,1,0
BRDA:1092,265,0,0
BRDA:1092,265,1,0
BRDA:1095,266,0,0
BRDA:1095,266,1,0
BRDA:1112,267,0,0
BRDA:1112,267,1,0
BRDA:1114,268,0,0
BRDA:1114,268,1,0
BRDA:1120,269,0,0
BRDA:1120,269,1,0
BRDA:1129,270,0,0
BRDA:1129,270,1,0
BRDA:1130,271,0,0
BRDA:1130,271,1,0
BRDA:1134,272,0,0
BRDA:1134,272,1,0
BRDA:1134,273,0,0
BRDA:1134,273,1,0
BRDA:1136,274,0,0
BRDA:1136,274,1,0
BRDA:1136,275,0,0
BRDA:1136,275,1,0
BRDA:1136,275,2,0
BRDA:1136,275,3,0
BRDA:1148,276,0,0
BRDA:1148,276,1,0
BRDA:1154,277,0,0
BRDA:1154,277,1,0
BRDA:1172,278,0,0
BRDA:1172,278,1,0
BRDA:1174,279,0,0
BRDA:1174,279,1,0
BRDA:1174,280,0,0
BRDA:1174,280,1,0
BRDA:1174,281,0,0
BRDA:1174,281,1,0
BRDA:1177,282,0,0
BRDA:1177,282,1,0
BRDA:1177,283,0,0
BRDA:1177,283,1,0
BRDA:1179,284,0,0
BRDA:1179,284,1,0
BRDA:1179,285,0,0
BRDA:1179,285,1,0
BRDA:1179,286,0,0
BRDA:1179,286,1,0
BRDA:1185,287,0,0
BRDA:1185,287,1,0
BRDA:1187,288,0,0
BRDA:1187,288,1,0
BRDA:1187,289,0,0
BRDA:1187,289,1,0
BRDA:1188,290,0,0
BRDA:1188,290,1,0
BRDA:1188,291,0,0
BRDA:1188,291,1,0
BRDA:1188,291,2,0
BRDA:1188,291,3,0
BRDA:1195,292,0,0
BRDA:1195,292,1,0
BRDA:1198,293,0,0
BRDA:1198,293,1,0
BRDA:1207,294,0,0
BRDA:1207,294,1,0
BRDA:1220,295,0,0
BRDA:1220,295,1,0
BRDA:1232,296,0,0
BRDA:1232,296,1,0
BRDA:1239,297,0,0
BRDA:1239,297,1,0
BRDA:1242,298,0,0
BRDA:1242,298,1,0
BRDA:1266,299,0,0
BRDA:1266,299,1,0
BRDA:1277,300,0,0
BRDA:1277,300,1,0
BRDA:1277,301,0,0
BRDA:1277,301,1,0
BRDA:1280,302,0,0
BRDA:1280,302,1,0
BRDA:1289,303,0,0
BRDA:1289,303,1,0
BRDA:1296,304,0,0
BRDA:1296,304,1,0
BRDA:1296,305,0,0
BRDA:1296,305,1,0
BRDA:1297,306,0,0
BRDA:1297,306,1,0
BRDA:1300,307,0,0
BRDA:1300,307,1,0
BRDA:1302,308,0,0
BRDA:1302,308,1,0
BRDA:1303,309,0,0
BRDA:1303,309,1,0
BRDA:1303,310,0,0
BRDA:1303,310,1,0
BRDA:1303,311,0,0
BRDA:1303,311,1,0
BRDA:1307,312,0,0
BRDA:1307,312,1,0
BRDA:1313,313,0,0
BRDA:1313,313,1,0
BRDA:1325,314,0,0
BRDA:1325,314,1,0
BRDA:1325,315,0,0
BRDA:1325,315,1,0
BRDA:1326,316,0,0
BRDA:1326,316,1,0
BRDA:1326,317,0,0
BRDA:1326,317,1,0
BRDA:1331,318,0,0
BRDA:1331,318,1,0
BRDA:1332,319,0,0
BRDA:1332,319,1,0
BRDA:1334,320,0,0
BRDA:1334,320,1,0
BRDA:1334,321,0,0
BRDA:1334,321,1,0
BRDA:1338,322,0,0
BRDA:1338,322,1,0
BRDA:1339,323,0,0
BRDA:1339,323,1,0
BRDA:1341,324,0,0
BRDA:1341,324,1,0
BRDA:1359,325,0,0
BRDA:1359,325,1,0
BRDA:1359,326,0,0
BRDA:1359,326,1,0
BRDA:1367,327,0,0
BRDA:1367,327,1,0
BRDA:1368,328,0,0
BRDA:1368,328,1,0
BRDA:1372,329,0,0
BRDA:1372,329,1,0
BRDA:1373,330,0,0
BRDA:1373,330,1,0
BRDA:1376,331,0,0
BRDA:1376,331,1,0
BRDA:1376,332,0,0
BRDA:1376,332,1,0
BRDA:1383,333,0,0
BRDA:1383,333,1,0
BRDA:1387,334,0,0
BRDA:1387,334,1,0
BRDA:1389,335,0,0
BRDA:1389,335,1,0
BRDA:1397,336,0,0
BRDA:1397,336,1,0
BRDA:1399,337,0,0
BRDA:1399,337,1,0
BRDA:1401,338,0,0
BRDA:1401,338,1,0
BRDA:1403,339,0,0
BRDA:1403,339,1,0
BRDA:1403,340,0,0
BRDA:1403,340,1,0
BRDA:1403,340,2,0
BRDA:1409,341,0,0
BRDA:1409,341,1,0
BRDA:1409,342,0,0
BRDA:1409,342,1,0
BRDA:1409,342,2,0
BRDA:1409,342,3,0
BRDA:1409,342,4,0
BRDA:1420,343,0,0
BRDA:1420,343,1,0
BRDA:1422,344,0,0
BRDA:1422,344,1,0
BRDA:1430,345,0,0
BRDA:1430,345,1,0
BRDA:1449,346,0,0
BRDA:1449,346,1,0
BRDA:1449,347,0,0
BRDA:1449,347,1,0
BRDA:1454,348,0,0
BRDA:1454,348,1,0
BRDA:1459,349,0,0
BRDA:1459,349,1,0
BRDA:1459,350,0,0
BRDA:1459,350,1,0
BRDA:1462,351,0,0
BRDA:1462,351,1,0
BRDA:1462,352,0,0
BRDA:1462,352,1,0
BRDA:1463,353,0,0
BRDA:1463,353,1,0
BRDA:1467,354,0,0
BRDA:1467,354,1,0
BRDA:1467,355,0,0
BRDA:1467,355,1,0
BRDA:1469,356,0,0
BRDA:1469,356,1,0
BRDA:1470,357,0,0
BRDA:1470,357,1,0
BRDA:1475,358,0,0
BRDA:1475,358,1,0
BRDA:1481,359,0,0
BRDA:1481,359,1,0
BRDA:1481,360,0,0
BRDA:1481,360,1,0
BRDA:1483,361,0,0
BRDA:1483,361,1,0
BRDA:1492,362,0,0
BRDA:1492,362,1,0
BRDA:1496,363,0,0
BRDA:1496,363,1,0
BRDA:1500,364,0,0
BRDA:1500,364,1,0
BRDA:1501,365,0,0
BRDA:1501,365,1,0
BRDA:1501,366,0,0
BRDA:1501,366,1,0
BRDA:1501,367,0,0
BRDA:1501,367,1,0
BRDA:1510,368,0,0
BRDA:1510,368,1,0
BRDA:1512,369,0,0
BRDA:1512,369,1,0
BRDA:1516,370,0,0
BRDA:1516,370,1,0
BRDA:1517,371,0,0
BRDA:1517,371,1,0
BRDA:1517,372,0,0
BRDA:1517,372,1,0
BRDA:1517,373,0,0
BRDA:1517,373,1,0
BRDA:1529,374,0,0
BRDA:1529,374,1,0
BRDA:1531,375,0,0
BRDA:1531,375,1,0
BRDA:1532,376,0,0
BRDA:1532,376,1,0
BRDA:1533,377,0,0
BRDA:1533,377,1,0
BRDA:1533,378,0,0
BRDA:1533,378,1,0
BRDA:1535,379,0,0
BRDA:1535,379,1,0
BRDA:1538,380,0,0
BRDA:1538,380,1,0
BRDA:1539,381,0,0
BRDA:1539,381,1,0
BRDA:1544,382,0,0
BRDA:1544,382,1,0
BRF:781
BRH:0
end_of_record
TN:
SF:src\js\shader.js
FN:54,initShader
FN:76,resize
FN:88,setUniforms
FN:94,draw
FN:111,render
FN:122,(anonymous_5)
FN:123,(anonymous_6)
FN:127,createProgram
FN:142,loadShader
FN:153,createBuffers
FN:171,(anonymous_10)
FN:176,(anonymous_11)
FNF:12
FNH:0
FNDA:0,initShader
FNDA:0,resize
FNDA:0,setUniforms
FNDA:0,draw
FNDA:0,render
FNDA:0,(anonymous_5)
FNDA:0,(anonymous_6)
FNDA:0,createProgram
FNDA:0,loadShader
FNDA:0,createBuffers
FNDA:0,(anonymous_10)
FNDA:0,(anonymous_11)
DA:1,0
DA:11,0
DA:55,0
DA:56,0
DA:57,0
DA:59,0
DA:60,0
DA:62,0
DA:71,0
DA:72,0
DA:73,0
DA:74,0
DA:77,0
DA:78,0
DA:79,0
DA:80,0
DA:81,0
DA:82,0
DA:83,0
DA:84,0
DA:89,0
DA:90,0
DA:91,0
DA:95,0
DA:96,0
DA:97,0
DA:99,0
DA:100,0
DA:101,0
DA:103,0
DA:104,0
DA:105,0
DA:107,0
DA:108,0
DA:112,0
DA:113,0
DA:114,0
DA:115,0
DA:116,0
DA:119,0
DA:121,0
DA:122,0
DA:123,0
DA:128,0
DA:129,0
DA:130,0
DA:131,0
DA:132,0
DA:133,0
DA:134,0
DA:135,0
DA:136,0
DA:137,0
DA:139,0
DA:143,0
DA:144,0
DA:145,0
DA:146,0
DA:147,0
DA:148,0
DA:150,0
DA:154,0
DA:155,0
DA:156,0
DA:158,0
DA:159,0
DA:160,0
DA:162,0
DA:163,0
DA:164,0
DA:166,0
DA:169,0
DA:171,0
DA:172,0
DA:173,0
DA:176,0
DA:177,0
DA:178,0
DA:179,0
LF:79
LH:0
BRDA:55,0,0,0
BRDA:55,0,1,0
BRDA:57,1,0,0
BRDA:57,1,1,0
BRDA:60,2,0,0
BRDA:60,2,1,0
BRDA:78,3,0,0
BRDA:78,3,1,0
BRDA:81,4,0,0
BRDA:81,4,1,0
BRDA:81,5,0,0
BRDA:81,5,1,0
BRDA:112,6,0,0
BRDA:112,6,1,0
BRDA:130,7,0,0
BRDA:130,7,1,0
BRDA:130,8,0,0
BRDA:130,8,1,0
BRDA:135,9,0,0
BRDA:135,9,1,0
BRDA:146,10,0,0
BRDA:146,10,1,0
BRDA:173,11,0,0
BRDA:173,11,1,0
BRDA:177,12,0,0
BRDA:177,12,1,0
BRF:26
BRH:0
end_of_record
TN:
SF:src\js\stats.js
FN:1,(anonymous_0)
FN:3,(anonymous_1)
FNF:2
FNH:0
FNDA:0,(anonymous_0)
FNDA:0,(anonymous_1)
DA:1,0
DA:3,0
DA:4,0
DA:5,0
DA:6,0
LF:5
LH:0
BRF:0
BRH:0
end_of_record
TN:
SF:src\js\storage.js
FN:5,(anonymous_0)
FN:9,(anonymous_1)
FN:11,(anonymous_2)
FN:16,(anonymous_3)
FNF:4
FNH:0
FNDA:0,(anonymous_0)
FNDA:0,(anonymous_1)
FNDA:0,(anonymous_2)
FNDA:0,(anonymous_3)
DA:1,0
DA:5,0
DA:6,0
DA:9,0
DA:11,0
DA:12,0
DA:13,0
DA:16,0
DA:17,0
LF:9
LH:0
BRDA:13,0,0,0
BRDA:13,0,1,0
BRF:2
BRH:0
end_of_record
TN:
SF:src\js\theme.js
FN:1,applyTheme
FN:15,(anonymous_1)
FN:20,openSettings
FN:36,(anonymous_3)
FN:47,(anonymous_4)
FN:56,openStorageFolder
FN:57,(anonymous_6)
FN:64,selectBackupFolder
FN:65,(anonymous_8)
FN:73,showBackupStatus
FN:81,(anonymous_10)
FN:85,doBackup
FN:90,(anonymous_12)
FN:91,(anonymous_13)
FN:104,runBackup
FN:105,(anonymous_15)
FN:114,doRestore
FN:115,(anonymous_17)
FN:123,(anonymous_18)
FN:130,(anonymous_19)
FN:149,closeRestoreLog
FN:153,escapeHtml
FN:159,(anonymous_22)
FN:164,(anonymous_23)
FN:168,(anonymous_24)
FNF:25
FNH:0
FNDA:0,applyTheme
FNDA:0,(anonymous_1)
FNDA:0,openSettings
FNDA:0,(anonymous_3)
FNDA:0,(anonymous_4)
FNDA:0,openStorageFolder
FNDA:0,(anonymous_6)
FNDA:0,selectBackupFolder
FNDA:0,(anonymous_8)
FNDA:0,showBackupStatus
FNDA:0,(anonymous_10)
FNDA:0,doBackup
FNDA:0,(anonymous_12)
FNDA:0,(anonymous_13)
FNDA:0,runBackup
FNDA:0,(anonymous_15)
FNDA:0,doRestore
FNDA:0,(anonymous_17)
FNDA:0,(anonymous_18)
FNDA:0,(anonymous_19)
FNDA:0,closeRestoreLog
FNDA:0,escapeHtml
FNDA:0,(anonymous_22)
FNDA:0,(anonymous_23)
FNDA:0,(anonymous_24)
DA:2,0
DA:3,0
DA:4,0
DA:5,0
DA:6,0
DA:7,0
DA:8,0
DA:9,0
DA:10,0
DA:11,0
DA:12,0
DA:13,0
DA:14,0
DA:15,0
DA:16,0
DA:17,0
DA:21,0
DA:23,0
DA:24,0
DA:25,0
DA:26,0
DA:27,0
DA:28,0
DA:31,0
DA:32,0
DA:34,0
DA:35,0
DA:36,0
DA:37,0
DA:40,0
DA:41,0
DA:42,0
DA:43,0
DA:44,0
DA:47,0
DA:48,0
DA:49,0
DA:50,0
DA:51,0
DA:53,0
DA:57,0
DA:58,0
DA:59,0
DA:65,0
DA:66,0
DA:67,0
DA:68,0
DA:74,0
DA:75,0
DA:76,0
DA:77,0
DA:78,0
DA:79,0
DA:80,0
DA:81,0
DA:86,0
DA:87,0
DA:89,0
DA:90,0
DA:91,0
DA:92,0
DA:93,0
DA:94,0
DA:95,0
DA:99,0
DA:101,0
DA:105,0
DA:106,0
DA:107,0
DA:109,0
DA:115,0
DA:116,0
DA:118,0
DA:119,0
DA:121,0
DA:123,0
DA:124,0
DA:125,0
DA:126,0
DA:129,0
DA:130,0
DA:131,0
DA:132,0
DA:133,0
DA:134,0
DA:136,0
DA:137,0
DA:138,0
DA:139,0
DA:140,0
DA:141,0
DA:144,0
DA:150,0
DA:154,0
DA:155,0
DA:158,0
DA:159,0
DA:160,0
DA:162,0
DA:163,0
DA:164,0
DA:165,0
DA:166,0
DA:168,0
DA:169,0
LF:105
LH:0
BRDA:4,0,0,0
BRDA:4,0,1,0
BRDA:6,1,0,0
BRDA:6,1,1,0
BRDA:8,2,0,0
BRDA:8,2,1,0
BRDA:10,3,0,0
BRDA:10,3,1,0
BRDA:12,4,0,0
BRDA:12,4,1,0
BRDA:14,5,0,0
BRDA:14,5,1,0
BRDA:17,6,0,0
BRDA:17,6,1,0
BRDA:26,7,0,0
BRDA:26,7,1,0
BRDA:26,8,0,0
BRDA:26,8,1,0
BRDA:31,9,0,0
BRDA:31,9,1,0
BRDA:35,10,0,0
BRDA:35,10,1,0
BRDA:37,11,0,0
BRDA:37,11,1,0
BRDA:42,12,0,0
BRDA:42,12,1,0
BRDA:44,13,0,0
BRDA:44,13,1,0
BRDA:48,14,0,0
BRDA:48,14,1,0
BRDA:48,15,0,0
BRDA:48,15,1,0
BRDA:49,16,0,0
BRDA:49,16,1,0
BRDA:58,17,0,0
BRDA:58,17,1,0
BRDA:58,18,0,0
BRDA:58,18,1,0
BRDA:66,19,0,0
BRDA:66,19,1,0
BRDA:75,20,0,0
BRDA:75,20,1,0
BRDA:77,21,0,0
BRDA:77,21,1,0
BRDA:78,22,0,0
BRDA:78,22,1,0
BRDA:79,23,0,0
BRDA:79,23,1,0
BRDA:87,24,0,0
BRDA:87,24,1,0
BRDA:89,25,0,0
BRDA:89,25,1,0
BRDA:89,26,0,0
BRDA:89,26,1,0
BRDA:92,27,0,0
BRDA:92,27,1,0
BRDA:106,28,0,0
BRDA:106,28,1,0
BRDA:109,29,0,0
BRDA:109,29,1,0
BRDA:116,30,0,0
BRDA:116,30,1,0
BRDA:116,31,0,0
BRDA:116,31,1,0
BRDA:119,32,0,0
BRDA:119,32,1,0
BRDA:124,33,0,0
BRDA:124,33,1,0
BRDA:124,34,0,0
BRDA:124,34,1,0
BRDA:125,35,0,0
BRDA:125,35,1,0
BRDA:131,36,0,0
BRDA:131,36,1,0
BRDA:133,37,0,0
BRDA:133,37,1,0
BRDA:136,38,0,0
BRDA:136,38,1,0
BRDA:137,39,0,0
BRDA:137,39,1,0
BRDA:139,40,0,0
BRDA:139,40,1,0
BRDA:139,40,2,0
BRDA:140,41,0,0
BRDA:140,41,1,0
BRDA:144,42,0,0
BRDA:144,42,1,0
BRDA:154,43,0,0
BRDA:154,43,1,0
BRDA:154,44,0,0
BRDA:154,44,1,0
BRDA:163,45,0,0
BRDA:163,45,1,0
BRDA:165,46,0,0
BRDA:165,46,1,0
BRDA:169,47,0,0
BRDA:169,47,1,0
BRF:97
BRH:0
end_of_record
TN:
SF:src\js\timer.js
FN:12,loadSettings
FN:23,toDuration
FN:30,formatTime
FN:36,setPhaseTime
FN:43,recalcRemaining
FN:51,stopTimer
FN:59,tick
FN:73,startTimer
FN:79,(anonymous_8)
FN:94,(anonymous_9)
FN:106,(anonymous_10)
FN:120,advancePhase
FN:131,completeTimer
FN:163,updateUI
FN:221,(anonymous_14)
FN:233,(anonymous_15)
FN:238,(anonymous_16)
FN:251,(anonymous_17)
FN:260,(anonymous_18)
FN:269,(anonymous_19)
FN:278,(anonymous_20)
FN:293,(anonymous_21)
FN:325,(anonymous_22)
FN:329,(anonymous_23)
FN:334,(anonymous_24)
FN:342,(anonymous_25)
FNF:26
FNH:0
FNDA:0,loadSettings
FNDA:0,toDuration
FNDA:0,formatTime
FNDA:0,setPhaseTime
FNDA:0,recalcRemaining
FNDA:0,stopTimer
FNDA:0,tick
FNDA:0,startTimer
FNDA:0,(anonymous_8)
FNDA:0,(anonymous_9)
FNDA:0,(anonymous_10)
FNDA:0,advancePhase
FNDA:0,completeTimer
FNDA:0,updateUI
FNDA:0,(anonymous_14)
FNDA:0,(anonymous_15)
FNDA:0,(anonymous_16)
FNDA:0,(anonymous_17)
FNDA:0,(anonymous_18)
FNDA:0,(anonymous_19)
FNDA:0,(anonymous_20)
FNDA:0,(anonymous_21)
FNDA:0,(anonymous_22)
FNDA:0,(anonymous_23)
FNDA:0,(anonymous_24)
FNDA:0,(anonymous_25)
DA:1,0
DA:3,0
DA:4,0
DA:5,0
DA:6,0
DA:7,0
DA:8,0
DA:9,0
DA:10,0
DA:13,0
DA:14,0
DA:15,0
DA:16,0
DA:24,0
DA:25,0
DA:26,0
DA:27,0
DA:31,0
DA:32,0
DA:33,0
DA:37,0
DA:38,0
DA:39,0
DA:40,0
DA:44,0
DA:45,0
DA:46,0
DA:47,0
DA:48,0
DA:52,0
DA:53,0
DA:55,0
DA:56,0
DA:60,0
DA:61,0
DA:62,0
DA:63,0
DA:64,0
DA:65,0
DA:66,0
DA:67,0
DA:69,0
DA:70,0
DA:74,0
DA:75,0
DA:76,0
DA:79,0
DA:80,0
DA:81,0
DA:82,0
DA:83,0
DA:84,0
DA:85,0
DA:86,0
DA:88,0
DA:89,0
DA:91,0
DA:94,0
DA:95,0
DA:96,0
DA:97,0
DA:99,0
DA:100,0
DA:101,0
DA:102,0
DA:103,0
DA:106,0
DA:107,0
DA:108,0
DA:109,0
DA:110,0
DA:111,0
DA:112,0
DA:114,0
DA:116,0
DA:117,0
DA:121,0
DA:122,0
DA:123,0
DA:124,0
DA:126,0
DA:128,0
DA:132,0
DA:133,0
DA:134,0
DA:135,0
DA:138,0
DA:139,0
DA:140,0
DA:141,0
DA:142,0
DA:143,0
DA:148,0
DA:149,0
DA:150,0
DA:151,0
DA:152,0
DA:155,0
DA:156,0
DA:157,0
DA:158,0
DA:164,0
DA:165,0
DA:166,0
DA:167,0
DA:170,0
DA:171,0
DA:172,0
DA:173,0
DA:174,0
DA:175,0
DA:177,0
DA:178,0
DA:183,0
DA:184,0
DA:185,0
DA:186,0
DA:187,0
DA:188,0
DA:191,0
DA:197,0
DA:198,0
DA:199,0
DA:200,0
DA:201,0
DA:202,0
DA:204,0
DA:209,0
DA:210,0
DA:211,0
DA:212,0
DA:214,0
DA:219,0
DA:220,0
DA:221,0
DA:222,0
DA:223,0
DA:224,0
DA:226,0
DA:233,0
DA:234,0
DA:235,0
DA:238,0
DA:239,0
DA:240,0
DA:241,0
DA:242,0
DA:243,0
DA:244,0
DA:245,0
DA:246,0
DA:247,0
DA:248,0
DA:251,0
DA:252,0
DA:253,0
DA:254,0
DA:255,0
DA:257,0
DA:260,0
DA:261,0
DA:262,0
DA:263,0
DA:264,0
DA:265,0
DA:269,0
DA:270,0
DA:271,0
DA:272,0
DA:273,0
DA:274,0
DA:278,0
DA:279,0
DA:280,0
DA:281,0
DA:282,0
DA:283,0
DA:285,0
DA:286,0
DA:287,0
DA:289,0
DA:293,0
DA:294,0
DA:295,0
DA:296,0
DA:297,0
DA:298,0
DA:299,0
DA:300,0
DA:301,0
DA:304,0
DA:305,0
DA:306,0
DA:310,0
DA:311,0
DA:312,0
DA:313,0
DA:314,0
DA:317,0
DA:318,0
DA:319,0
DA:320,0
DA:325,0
DA:326,0
DA:327,0
DA:329,0
DA:330,0
DA:331,0
DA:334,0
DA:335,0
DA:336,0
DA:337,0
DA:341,0
DA:342,0
DA:343,0
DA:344,0
DA:345,0
DA:348,0
DA:349,0
LF:219
LH:0
BRDA:17,0,0,0
BRDA:17,0,1,0
BRDA:18,1,0,0
BRDA:18,1,1,0
BRDA:19,2,0,0
BRDA:19,2,1,0
BRDA:24,3,0,0
BRDA:24,3,1,0
BRDA:25,4,0,0
BRDA:25,4,1,0
BRDA:26,5,0,0
BRDA:26,5,1,0
BRDA:33,6,0,0
BRDA:33,6,1,0
BRDA:33,7,0,0
BRDA:33,7,1,0
BRDA:44,8,0,0
BRDA:44,8,1,0
BRDA:47,9,0,0
BRDA:47,9,1,0
BRDA:52,10,0,0
BRDA:52,10,1,0
BRDA:52,11,0,0
BRDA:52,11,1,0
BRDA:56,12,0,0
BRDA:56,12,1,0
BRDA:60,13,0,0
BRDA:60,13,1,0
BRDA:62,14,0,0
BRDA:62,14,1,0
BRDA:80,15,0,0
BRDA:80,15,1,0
BRDA:83,16,0,0
BRDA:83,16,1,0
BRDA:84,17,0,0
BRDA:84,17,1,0
BRDA:89,18,0,0
BRDA:89,18,1,0
BRDA:95,19,0,0
BRDA:95,19,1,0
BRDA:97,20,0,0
BRDA:97,20,1,0
BRDA:107,21,0,0
BRDA:107,21,1,0
BRDA:109,22,0,0
BRDA:109,22,1,0
BRDA:110,23,0,0
BRDA:110,23,1,0
BRDA:111,24,0,0
BRDA:111,24,1,0
BRDA:112,25,0,0
BRDA:112,25,1,0
BRDA:121,26,0,0
BRDA:121,26,1,0
BRDA:122,27,0,0
BRDA:122,27,1,0
BRDA:124,28,0,0
BRDA:124,28,1,0
BRDA:135,29,0,0
BRDA:135,29,1,0
BRDA:139,30,0,0
BRDA:139,30,1,0
BRDA:139,31,0,0
BRDA:139,31,1,0
BRDA:140,32,0,0
BRDA:140,32,1,0
BRDA:141,33,0,0
BRDA:141,33,1,0
BRDA:142,34,0,0
BRDA:142,34,1,0
BRDA:148,35,0,0
BRDA:148,35,1,0
BRDA:150,36,0,0
BRDA:150,36,1,0
BRDA:152,37,0,0
BRDA:152,37,1,0
BRDA:156,38,0,0
BRDA:156,38,1,0
BRDA:158,39,0,0
BRDA:158,39,1,0
BRDA:166,40,0,0
BRDA:166,40,1,0
BRDA:167,41,0,0
BRDA:167,41,1,0
BRDA:167,42,0,0
BRDA:167,42,1,0
BRDA:172,43,0,0
BRDA:172,43,1,0
BRDA:173,44,0,0
BRDA:173,44,1,0
BRDA:175,45,0,0
BRDA:175,45,1,0
BRDA:178,46,0,0
BRDA:178,46,1,0
BRDA:184,47,0,0
BRDA:184,47,1,0
BRDA:187,48,0,0
BRDA:187,48,1,0
BRDA:187,49,0,0
BRDA:187,49,1,0
BRDA:188,50,0,0
BRDA:188,50,1,0
BRDA:188,51,0,0
BRDA:188,51,1,0
BRDA:188,51,2,0
BRDA:191,52,0,0
BRDA:191,52,1,0
BRDA:198,53,0,0
BRDA:198,53,1,0
BRDA:199,54,0,0
BRDA:199,54,1,0
BRDA:201,55,0,0
BRDA:201,55,1,0
BRDA:201,56,0,0
BRDA:201,56,1,0
BRDA:210,57,0,0
BRDA:210,57,1,0
BRDA:211,58,0,0
BRDA:211,58,1,0
BRDA:220,59,0,0
BRDA:220,59,1,0
BRDA:222,60,0,0
BRDA:222,60,1,0
BRDA:222,61,0,0
BRDA:222,61,1,0
BRDA:234,62,0,0
BRDA:234,62,1,0
BRDA:235,63,0,0
BRDA:235,63,1,0
BRDA:239,64,0,0
BRDA:239,64,1,0
BRDA:240,65,0,0
BRDA:240,65,1,0
BRDA:241,66,0,0
BRDA:241,66,1,0
BRDA:242,67,0,0
BRDA:242,67,1,0
BRDA:242,68,0,0
BRDA:242,68,1,0
BRDA:243,69,0,0
BRDA:243,69,1,0
BRDA:243,70,0,0
BRDA:243,70,1,0
BRDA:244,71,0,0
BRDA:244,71,1,0
BRDA:244,72,0,0
BRDA:244,72,1,0
BRDA:252,73,0,0
BRDA:252,73,1,0
BRDA:254,74,0,0
BRDA:254,74,1,0
BRDA:262,75,0,0
BRDA:262,75,1,0
BRDA:263,76,0,0
BRDA:263,76,1,0
BRDA:270,77,0,0
BRDA:270,77,1,0
BRDA:272,78,0,0
BRDA:272,78,1,0
BRDA:279,79,0,0
BRDA:279,79,1,0
BRDA:279,80,0,0
BRDA:279,80,1,0
BRDA:300,81,0,0
BRDA:300,81,1,0
BRDA:301,82,0,0
BRDA:301,82,1,0
BRDA:305,83,0,0
BRDA:305,83,1,0
BRDA:305,84,0,0
BRDA:305,84,1,0
BRDA:305,84,2,0
BRDA:310,85,0,0
BRDA:310,85,1,0
BRDA:312,86,0,0
BRDA:312,86,1,0
BRDA:314,87,0,0
BRDA:314,87,1,0
BRDA:318,88,0,0
BRDA:318,88,1,0
BRDA:320,89,0,0
BRDA:320,89,1,0
BRDA:327,90,0,0
BRDA:327,90,1,0
BRDA:330,91,0,0
BRDA:330,91,1,0
BRDA:330,92,0,0
BRDA:330,92,1,0
BRDA:335,93,0,0
BRDA:335,93,1,0
BRDA:337,94,0,0
BRDA:337,94,1,0
BRDA:341,95,0,0
BRDA:341,95,1,0
BRDA:343,96,0,0
BRDA:343,96,1,0
BRDA:348,97,0,0
BRDA:348,97,1,0
BRDA:348,98,0,0
BRDA:348,98,1,0
BRF:200
BRH:0
end_of_record
TN:
SF:src\js\components\goals\goals.js
FN:10,checkRtl
FN:17,formatGoalDate
FN:25,todayISO
FN:32,loadGoalsData
FN:43,computeGoalProgress
FN:47,(anonymous_5)
FN:53,(anonymous_6)
FN:63,getStatusLabel
FN:69,getStatusClass
FN:75,formatDuration
FN:85,renderGoalHeatmap
FN:98,(anonymous_11)
FN:104,(anonymous_12)
FN:116,(anonymous_13)
FN:168,createDisplayCard
FN:204,(anonymous_15)
FN:234,createAddCard
FN:261,createEditCard
FN:292,computeDurationDays
FN:300,(anonymous_19)
FN:318,(anonymous_20)
FN:322,(anonymous_21)
FN:332,(anonymous_22)
FN:336,(anonymous_23)
FN:342,(anonymous_24)
FN:347,(anonymous_25)
FN:386,(anonymous_26)
FN:392,(anonymous_27)
FN:397,(anonymous_28)
FN:436,(anonymous_29)
FN:444,(anonymous_30)
FN:450,escapeHtml
FN:455,(anonymous_32)
FN:456,(anonymous_33)
FN:462,(anonymous_34)
FN:476,(anonymous_35)
FN:482,(anonymous_36)
FN:487,(anonymous_37)
FN:489,(anonymous_38)
FN:496,(anonymous_39)
FN:501,(anonymous_40)
FN:502,(anonymous_41)
FN:514,(anonymous_42)
FN:524,(anonymous_43)
FN:532,(anonymous_44)
FN:543,(anonymous_45)
FNF:46
FNH:0
FNDA:0,checkRtl
FNDA:0,formatGoalDate
FNDA:0,todayISO
FNDA:0,loadGoalsData
FNDA:0,computeGoalProgress
FNDA:0,(anonymous_5)
FNDA:0,(anonymous_6)
FNDA:0,getStatusLabel
FNDA:0,getStatusClass
FNDA:0,formatDuration
FNDA:0,renderGoalHeatmap
FNDA:0,(anonymous_11)
FNDA:0,(anonymous_12)
FNDA:0,(anonymous_13)
FNDA:0,createDisplayCard
FNDA:0,(anonymous_15)
FNDA:0,createAddCard
FNDA:0,createEditCard
FNDA:0,computeDurationDays
FNDA:0,(anonymous_19)
FNDA:0,(anonymous_20)
FNDA:0,(anonymous_21)
FNDA:0,(anonymous_22)
FNDA:0,(anonymous_23)
FNDA:0,(anonymous_24)
FNDA:0,(anonymous_25)
FNDA:0,(anonymous_26)
FNDA:0,(anonymous_27)
FNDA:0,(anonymous_28)
FNDA:0,(anonymous_29)
FNDA:0,(anonymous_30)
FNDA:0,escapeHtml
FNDA:0,(anonymous_32)
FNDA:0,(anonymous_33)
FNDA:0,(anonymous_34)
FNDA:0,(anonymous_35)
FNDA:0,(anonymous_36)
FNDA:0,(anonymous_37)
FNDA:0,(anonymous_38)
FNDA:0,(anonymous_39)
FNDA:0,(anonymous_40)
FNDA:0,(anonymous_41)
FNDA:0,(anonymous_42)
FNDA:0,(anonymous_43)
FNDA:0,(anonymous_44)
FNDA:0,(anonymous_45)
DA:3,0
DA:4,0
DA:5,0
DA:6,0
DA:7,0
DA:8,0
DA:11,0
DA:12,0
DA:18,0
DA:19,0
DA:20,0
DA:21,0
DA:22,0
DA:26,0
DA:27,0
DA:30,0
DA:33,0
DA:34,0
DA:35,0
DA:36,0
DA:37,0
DA:38,0
DA:39,0
DA:44,0
DA:45,0
DA:46,0
DA:47,0
DA:48,0
DA:49,0
DA:50,0
DA:51,0
DA:53,0
DA:55,0
DA:56,0
DA:57,0
DA:58,0
DA:59,0
DA:60,0
DA:64,0
DA:65,0
DA:66,0
DA:70,0
DA:71,0
DA:72,0
DA:76,0
DA:77,0
DA:78,0
DA:79,0
DA:80,0
DA:81,0
DA:82,0
DA:87,0
DA:88,0
DA:89,0
DA:90,0
DA:91,0
DA:92,0
DA:93,0
DA:96,0
DA:97,0
DA:98,0
DA:99,0
DA:102,0
DA:104,0
DA:105,0
DA:106,0
DA:107,0
DA:108,0
DA:110,0
DA:111,0
DA:116,0
DA:117,0
DA:118,0
DA:119,0
DA:121,0
DA:123,0
DA:124,0
DA:125,0
DA:128,0
DA:129,0
DA:130,0
DA:131,0
DA:132,0
DA:133,0
DA:134,0
DA:137,0
DA:138,0
DA:139,0
DA:140,0
DA:141,0
DA:144,0
DA:145,0
DA:146,0
DA:147,0
DA:150,0
DA:151,0
DA:154,0
DA:155,0
DA:156,0
DA:157,0
DA:158,0
DA:160,0
DA:161,0
DA:163,0
DA:169,0
DA:170,0
DA:172,0
DA:173,0
DA:175,0
DA:176,0
DA:177,0
DA:178,0
DA:179,0
DA:180,0
DA:181,0
DA:182,0
DA:183,0
DA:184,0
DA:186,0
DA:187,0
DA:188,0
DA:189,0
DA:190,0
DA:191,0
DA:192,0
DA:193,0
DA:195,0
DA:196,0
DA:197,0
DA:198,0
DA:200,0
DA:201,0
DA:202,0
DA:204,0
DA:205,0
DA:206,0
DA:208,0
DA:209,0
DA:210,0
DA:211,0
DA:212,0
DA:213,0
DA:215,0
DA:216,0
DA:217,0
DA:218,0
DA:219,0
DA:222,0
DA:224,0
DA:225,0
DA:228,0
DA:230,0
DA:231,0
DA:235,0
DA:236,0
DA:237,0
DA:258,0
DA:262,0
DA:263,0
DA:264,0
DA:265,0
DA:266,0
DA:287,0
DA:293,0
DA:294,0
DA:295,0
DA:296,0
DA:297,0
DA:300,0
DA:301,0
DA:302,0
DA:303,0
DA:304,0
DA:305,0
DA:306,0
DA:307,0
DA:308,0
DA:309,0
DA:310,0
DA:311,0
DA:312,0
DA:313,0
DA:314,0
DA:318,0
DA:319,0
DA:322,0
DA:323,0
DA:324,0
DA:325,0
DA:326,0
DA:327,0
DA:332,0
DA:333,0
DA:334,0
DA:335,0
DA:336,0
DA:337,0
DA:338,0
DA:342,0
DA:343,0
DA:344,0
DA:347,0
DA:348,0
DA:349,0
DA:351,0
DA:352,0
DA:353,0
DA:354,0
DA:356,0
DA:357,0
DA:358,0
DA:359,0
DA:362,0
DA:376,0
DA:377,0
DA:378,0
DA:379,0
DA:380,0
DA:382,0
DA:383,0
DA:386,0
DA:387,0
DA:388,0
DA:389,0
DA:392,0
DA:393,0
DA:394,0
DA:397,0
DA:398,0
DA:399,0
DA:401,0
DA:402,0
DA:403,0
DA:404,0
DA:406,0
DA:407,0
DA:408,0
DA:411,0
DA:424,0
DA:425,0
DA:427,0
DA:428,0
DA:429,0
DA:432,0
DA:433,0
DA:436,0
DA:437,0
DA:438,0
DA:439,0
DA:440,0
DA:441,0
DA:444,0
DA:445,0
DA:446,0
DA:447,0
DA:451,0
DA:452,0
DA:455,0
DA:456,0
DA:457,0
DA:459,0
DA:460,0
DA:461,0
DA:462,0
DA:463,0
DA:464,0
DA:466,0
DA:468,0
DA:469,0
DA:474,0
DA:475,0
DA:476,0
DA:477,0
DA:478,0
DA:482,0
DA:483,0
DA:484,0
DA:487,0
DA:488,0
DA:489,0
DA:490,0
DA:491,0
DA:492,0
DA:496,0
DA:497,0
DA:498,0
DA:501,0
DA:502,0
DA:503,0
DA:504,0
DA:505,0
DA:507,0
DA:509,0
DA:514,0
DA:515,0
DA:516,0
DA:517,0
DA:518,0
DA:519,0
DA:520,0
DA:521,0
DA:524,0
DA:525,0
DA:526,0
DA:527,0
DA:528,0
DA:532,0
DA:533,0
DA:534,0
DA:535,0
DA:536,0
DA:537,0
DA:538,0
DA:543,0
DA:544,0
DA:545,0
DA:546,0
DA:547,0
DA:548,0
DA:551,0
DA:552,0
DA:553,0
LF:322
LH:0
BRDA:12,0,0,0
BRDA:12,0,1,0
BRDA:18,1,0,0
BRDA:18,1,1,0
BRDA:20,2,0,0
BRDA:20,2,1,0
BRDA:34,3,0,0
BRDA:34,3,1,0
BRDA:35,4,0,0
BRDA:35,4,1,0
BRDA:39,5,0,0
BRDA:39,5,1,0
BRDA:44,6,0,0
BRDA:44,6,1,0
BRDA:45,7,0,0
BRDA:45,7,1,0
BRDA:46,8,0,0
BRDA:46,8,1,0
BRDA:48,9,0,0
BRDA:48,9,1,0
BRDA:53,10,0,0
BRDA:53,10,1,0
BRDA:55,11,0,0
BRDA:55,11,1,0
BRDA:55,12,0,0
BRDA:55,12,1,0
BRDA:56,13,0,0
BRDA:56,13,1,0
BRDA:57,14,0,0
BRDA:57,14,1,0
BRDA:64,15,0,0
BRDA:64,15,1,0
BRDA:65,16,0,0
BRDA:65,16,1,0
BRDA:70,17,0,0
BRDA:70,17,1,0
BRDA:71,18,0,0
BRDA:71,18,1,0
BRDA:76,19,0,0
BRDA:76,19,1,0
BRDA:77,20,0,0
BRDA:77,20,1,0
BRDA:78,21,0,0
BRDA:78,21,1,0
BRDA:78,22,0,0
BRDA:78,22,1,0
BRDA:79,23,0,0
BRDA:79,23,1,0
BRDA:79,24,0,0
BRDA:79,24,1,0
BRDA:80,25,0,0
BRDA:80,25,1,0
BRDA:80,26,0,0
BRDA:80,26,1,0
BRDA:81,27,0,0
BRDA:81,27,1,0
BRDA:81,28,0,0
BRDA:81,28,1,0
BRDA:97,29,0,0
BRDA:97,29,1,0
BRDA:99,30,0,0
BRDA:99,30,1,0
BRDA:99,31,0,0
BRDA:99,31,1,0
BRDA:106,32,0,0
BRDA:106,32,1,0
BRDA:106,33,0,0
BRDA:106,33,1,0
BRDA:107,34,0,0
BRDA:107,34,1,0
BRDA:119,35,0,0
BRDA:119,35,1,0
BRDA:123,36,0,0
BRDA:123,36,1,0
BRDA:123,37,0,0
BRDA:123,37,1,0
BRDA:132,38,0,0
BRDA:132,38,1,0
BRDA:133,39,0,0
BRDA:133,39,1,0
BRDA:139,40,0,0
BRDA:139,40,1,0
BRDA:140,41,0,0
BRDA:140,41,1,0
BRDA:150,42,0,0
BRDA:150,42,1,0
BRDA:156,43,0,0
BRDA:156,43,1,0
BRDA:157,44,0,0
BRDA:157,44,1,0
BRDA:160,45,0,0
BRDA:160,45,1,0
BRDA:172,46,0,0
BRDA:172,46,1,0
BRDA:173,47,0,0
BRDA:173,47,1,0
BRDA:177,48,0,0
BRDA:177,48,1,0
BRDA:191,49,0,0
BRDA:191,49,1,0
BRDA:204,50,0,0
BRDA:204,50,1,0
BRDA:205,51,0,0
BRDA:205,51,1,0
BRDA:210,52,0,0
BRDA:210,52,1,0
BRDA:213,53,0,0
BRDA:213,53,1,0
BRDA:216,54,0,0
BRDA:216,54,1,0
BRDA:217,55,0,0
BRDA:217,55,1,0
BRDA:218,56,0,0
BRDA:218,56,1,0
BRDA:222,57,0,0
BRDA:222,57,1,0
BRDA:262,58,0,0
BRDA:262,58,1,0
BRDA:263,59,0,0
BRDA:263,59,1,0
BRDA:271,60,0,0
BRDA:271,60,1,0
BRDA:272,61,0,0
BRDA:272,61,1,0
BRDA:273,62,0,0
BRDA:273,62,1,0
BRDA:274,63,0,0
BRDA:274,63,1,0
BRDA:277,64,0,0
BRDA:277,64,1,0
BRDA:280,65,0,0
BRDA:280,65,1,0
BRDA:281,66,0,0
BRDA:281,66,1,0
BRDA:293,67,0,0
BRDA:293,67,1,0
BRDA:294,68,0,0
BRDA:294,68,1,0
BRDA:295,69,0,0
BRDA:295,69,1,0
BRDA:296,70,0,0
BRDA:296,70,1,0
BRDA:306,71,0,0
BRDA:306,71,1,0
BRDA:306,72,0,0
BRDA:306,72,1,0
BRDA:307,73,0,0
BRDA:307,73,1,0
BRDA:307,74,0,0
BRDA:307,74,1,0
BRDA:308,75,0,0
BRDA:308,75,1,0
BRDA:308,76,0,0
BRDA:308,76,1,0
BRDA:310,77,0,0
BRDA:310,77,1,0
BRDA:311,78,0,0
BRDA:311,78,1,0
BRDA:312,79,0,0
BRDA:312,79,1,0
BRDA:313,80,0,0
BRDA:313,80,1,0
BRDA:326,81,0,0
BRDA:326,81,1,0
BRDA:326,82,0,0
BRDA:326,82,1,0
BRDA:327,83,0,0
BRDA:327,83,1,0
BRDA:327,84,0,0
BRDA:327,84,1,0
BRDA:338,85,0,0
BRDA:338,85,1,0
BRDA:349,86,0,0
BRDA:349,86,1,0
BRDA:352,87,0,0
BRDA:352,87,1,0
BRDA:356,88,0,0
BRDA:356,88,1,0
BRDA:356,89,0,0
BRDA:356,89,1,0
BRDA:370,90,0,0
BRDA:370,90,1,0
BRDA:377,91,0,0
BRDA:377,91,1,0
BRDA:399,92,0,0
BRDA:399,92,1,0
BRDA:402,93,0,0
BRDA:402,93,1,0
BRDA:408,94,0,0
BRDA:408,94,1,0
BRDA:413,95,0,0
BRDA:413,95,1,0
BRDA:413,95,2,0
BRDA:414,96,0,0
BRDA:414,96,1,0
BRDA:414,96,2,0
BRDA:415,97,0,0
BRDA:415,97,1,0
BRDA:415,97,2,0
BRDA:420,98,0,0
BRDA:420,98,1,0
BRDA:421,99,0,0
BRDA:421,99,1,0
BRDA:421,99,2,0
BRDA:425,100,0,0
BRDA:425,100,1,0
BRDA:439,101,0,0
BRDA:439,101,1,0
BRDA:441,102,0,0
BRDA:441,102,1,0
BRDA:447,103,0,0
BRDA:447,103,1,0
BRDA:451,104,0,0
BRDA:451,104,1,0
BRDA:457,105,0,0
BRDA:457,105,1,0
BRDA:457,105,2,0
BRDA:459,106,0,0
BRDA:459,106,1,0
BRDA:464,107,0,0
BRDA:464,107,1,0
BRDA:478,108,0,0
BRDA:478,108,1,0
BRDA:488,109,0,0
BRDA:488,109,1,0
BRDA:490,110,0,0
BRDA:490,110,1,0
BRDA:503,111,0,0
BRDA:503,111,1,0
BRDA:504,112,0,0
BRDA:504,112,1,0
BRDA:515,113,0,0
BRDA:515,113,1,0
BRDA:520,114,0,0
BRDA:520,114,1,0
BRDA:526,115,0,0
BRDA:526,115,1,0
BRDA:533,116,0,0
BRDA:533,116,1,0
BRDA:533,117,0,0
BRDA:533,117,1,0
BRDA:535,118,0,0
BRDA:535,118,1,0
BRDA:535,119,0,0
BRDA:535,119,1,0
BRDA:535,119,2,0
BRDA:544,120,0,0
BRDA:544,120,1,0
BRDA:545,121,0,0
BRDA:545,121,1,0
BRDA:545,122,0,0
BRDA:545,122,1,0
BRDA:551,123,0,0
BRDA:551,123,1,0
BRDA:552,124,0,0
BRDA:552,124,1,0
BRDA:553,125,0,0
BRDA:553,125,1,0
BRF:258
BRH:0
end_of_record
TN:
SF:src\js\components\habits\habits.js
FN:3,formatDate
FN:9,refreshDateGlobals
FN:24,habitsMonthDate
FN:30,(anonymous_3)
FN:35,(anonymous_4)
FN:40,dateKey
FN:44,localDateString
FN:48,todayKey
FN:52,startDateKey
FN:56,loadHabitsFromDB
FN:74,getChecked
FN:87,getHabitTotalDays
FN:98,getCheckedCount
FN:111,calcPct
FN:125,render
FN:162,(anonymous_15)
FN:177,(anonymous_16)
FN:214,(anonymous_17)
FN:247,(anonymous_18)
FN:267,calcStreak
FN:281,openModal
FN:333,(anonymous_21)
FN:337,(anonymous_22)
FN:338,(anonymous_23)
FN:349,openEditModal
FN:356,(anonymous_25)
FN:362,openAddModal
FN:363,(anonymous_27)
FN:369,showHabitForm
FN:375,computeEnd
FN:428,(anonymous_30)
FN:429,(anonymous_31)
FN:430,(anonymous_32)
FN:436,(anonymous_33)
FN:445,(anonymous_34)
FN:446,(anonymous_35)
FN:472,(anonymous_36)
FN:481,(anonymous_37)
FN:487,(anonymous_38)
FN:492,(anonymous_39)
FN:499,(anonymous_40)
FN:519,(anonymous_41)
FN:522,(anonymous_42)
FN:523,(anonymous_43)
FN:527,(anonymous_44)
FN:528,(anonymous_45)
FN:534,(anonymous_46)
FNF:47
FNH:0
FNDA:0,formatDate
FNDA:0,refreshDateGlobals
FNDA:0,habitsMonthDate
FNDA:0,(anonymous_3)
FNDA:0,(anonymous_4)
FNDA:0,dateKey
FNDA:0,localDateString
FNDA:0,todayKey
FNDA:0,startDateKey
FNDA:0,loadHabitsFromDB
FNDA:0,getChecked
FNDA:0,getHabitTotalDays
FNDA:0,getCheckedCount
FNDA:0,calcPct
FNDA:0,render
FNDA:0,(anonymous_15)
FNDA:0,(anonymous_16)
FNDA:0,(anonymous_17)
FNDA:0,(anonymous_18)
FNDA:0,calcStreak
FNDA:0,openModal
FNDA:0,(anonymous_21)
FNDA:0,(anonymous_22)
FNDA:0,(anonymous_23)
FNDA:0,openEditModal
FNDA:0,(anonymous_25)
FNDA:0,openAddModal
FNDA:0,(anonymous_27)
FNDA:0,showHabitForm
FNDA:0,computeEnd
FNDA:0,(anonymous_30)
FNDA:0,(anonymous_31)
FNDA:0,(anonymous_32)
FNDA:0,(anonymous_33)
FNDA:0,(anonymous_34)
FNDA:0,(anonymous_35)
FNDA:0,(anonymous_36)
FNDA:0,(anonymous_37)
FNDA:0,(anonymous_38)
FNDA:0,(anonymous_39)
FNDA:0,(anonymous_40)
FNDA:0,(anonymous_41)
FNDA:0,(anonymous_42)
FNDA:0,(anonymous_43)
FNDA:0,(anonymous_44)
FNDA:0,(anonymous_45)
FNDA:0,(anonymous_46)
DA:1,0
DA:2,0
DA:4,0
DA:7,0
DA:10,0
DA:11,0
DA:12,0
DA:13,0
DA:14,0
DA:15,0
DA:16,0
DA:17,0
DA:19,0
DA:21,0
DA:22,0
DA:25,0
DA:26,0
DA:27,0
DA:30,0
DA:31,0
DA:32,0
DA:35,0
DA:36,0
DA:37,0
DA:41,0
DA:45,0
DA:49,0
DA:53,0
DA:57,0
DA:58,0
DA:59,0
DA:60,0
DA:61,0
DA:62,0
DA:63,0
DA:64,0
DA:65,0
DA:68,0
DA:70,0
DA:75,0
DA:76,0
DA:79,0
DA:88,0
DA:89,0
DA:90,0
DA:91,0
DA:92,0
DA:93,0
DA:95,0
DA:99,0
DA:100,0
DA:101,0
DA:102,0
DA:103,0
DA:104,0
DA:105,0
DA:106,0
DA:108,0
DA:112,0
DA:113,0
DA:114,0
DA:115,0
DA:116,0
DA:117,0
DA:119,0
DA:121,0
DA:122,0
DA:126,0
DA:127,0
DA:128,0
DA:129,0
DA:131,0
DA:132,0
DA:133,0
DA:134,0
DA:135,0
DA:136,0
DA:137,0
DA:138,0
DA:141,0
DA:142,0
DA:143,0
DA:144,0
DA:145,0
DA:146,0
DA:147,0
DA:148,0
DA:149,0
DA:150,0
DA:151,0
DA:152,0
DA:153,0
DA:155,0
DA:156,0
DA:157,0
DA:158,0
DA:160,0
DA:161,0
DA:162,0
DA:163,0
DA:164,0
DA:165,0
DA:166,0
DA:168,0
DA:169,0
DA:170,0
DA:172,0
DA:176,0
DA:177,0
DA:178,0
DA:179,0
DA:180,0
DA:181,0
DA:182,0
DA:183,0
DA:184,0
DA:185,0
DA:186,0
DA:188,0
DA:190,0
DA:192,0
DA:193,0
DA:194,0
DA:195,0
DA:196,0
DA:197,0
DA:198,0
DA:199,0
DA:200,0
DA:202,0
DA:203,0
DA:205,0
DA:206,0
DA:207,0
DA:208,0
DA:209,0
DA:211,0
DA:212,0
DA:213,0
DA:214,0
DA:215,0
DA:216,0
DA:217,0
DA:218,0
DA:219,0
DA:220,0
DA:221,0
DA:222,0
DA:224,0
DA:226,0
DA:228,0
DA:229,0
DA:230,0
DA:231,0
DA:232,0
DA:233,0
DA:234,0
DA:235,0
DA:236,0
DA:238,0
DA:239,0
DA:240,0
DA:242,0
DA:245,0
DA:246,0
DA:247,0
DA:248,0
DA:249,0
DA:250,0
DA:251,0
DA:252,0
DA:253,0
DA:254,0
DA:255,0
DA:256,0
DA:261,0
DA:268,0
DA:269,0
DA:270,0
DA:271,0
DA:272,0
DA:273,0
DA:275,0
DA:278,0
DA:282,0
DA:283,0
DA:284,0
DA:285,0
DA:287,0
DA:288,0
DA:290,0
DA:291,0
DA:292,0
DA:293,0
DA:295,0
DA:296,0
DA:298,0
DA:299,0
DA:300,0
DA:301,0
DA:302,0
DA:303,0
DA:304,0
DA:305,0
DA:307,0
DA:308,0
DA:310,0
DA:333,0
DA:334,0
DA:335,0
DA:337,0
DA:338,0
DA:339,0
DA:340,0
DA:341,0
DA:344,0
DA:347,0
DA:350,0
DA:351,0
DA:352,0
DA:353,0
DA:355,0
DA:356,0
DA:357,0
DA:358,0
DA:363,0
DA:364,0
DA:365,0
DA:370,0
DA:371,0
DA:372,0
DA:373,0
DA:376,0
DA:377,0
DA:378,0
DA:379,0
DA:380,0
DA:381,0
DA:382,0
DA:385,0
DA:386,0
DA:387,0
DA:388,0
DA:391,0
DA:399,0
DA:400,0
DA:401,0
DA:402,0
DA:405,0
DA:406,0
DA:407,0
DA:409,0
DA:428,0
DA:429,0
DA:430,0
DA:431,0
DA:432,0
DA:436,0
DA:437,0
DA:438,0
DA:439,0
DA:441,0
DA:445,0
DA:446,0
DA:447,0
DA:448,0
DA:449,0
DA:450,0
DA:451,0
DA:452,0
DA:453,0
DA:454,0
DA:455,0
DA:456,0
DA:457,0
DA:459,0
DA:460,0
DA:462,0
DA:463,0
DA:466,0
DA:469,0
DA:471,0
DA:472,0
DA:473,0
DA:474,0
DA:475,0
DA:476,0
DA:477,0
DA:478,0
DA:479,0
DA:481,0
DA:482,0
DA:483,0
DA:484,0
DA:485,0
DA:487,0
DA:488,0
DA:489,0
DA:490,0
DA:492,0
DA:493,0
DA:494,0
DA:495,0
DA:496,0
DA:499,0
DA:500,0
DA:501,0
DA:502,0
DA:503,0
DA:504,0
DA:505,0
DA:506,0
DA:507,0
DA:508,0
DA:509,0
DA:511,0
DA:513,0
DA:514,0
DA:515,0
DA:519,0
DA:520,0
DA:521,0
DA:522,0
DA:523,0
DA:525,0
DA:526,0
DA:527,0
DA:528,0
DA:530,0
DA:532,0
DA:533,0
DA:534,0
DA:535,0
DA:536,0
DA:537,0
DA:542,0
LF:336
LH:0
BRDA:36,0,0,0
BRDA:36,0,1,0
BRDA:58,1,0,0
BRDA:58,1,1,0
BRDA:62,2,0,0
BRDA:62,2,1,0
BRDA:75,3,0,0
BRDA:75,3,1,0
BRDA:76,4,0,0
BRDA:76,4,1,0
BRDA:88,5,0,0
BRDA:88,5,1,0
BRDA:89,6,0,0
BRDA:89,6,1,0
BRDA:89,7,0,0
BRDA:89,7,1,0
BRDA:90,8,0,0
BRDA:90,8,1,0
BRDA:90,9,0,0
BRDA:90,9,1,0
BRDA:90,9,2,0
BRDA:99,10,0,0
BRDA:99,10,1,0
BRDA:100,11,0,0
BRDA:100,11,1,0
BRDA:104,12,0,0
BRDA:104,12,1,0
BRDA:105,13,0,0
BRDA:105,13,1,0
BRDA:106,14,0,0
BRDA:106,14,1,0
BRDA:113,15,0,0
BRDA:113,15,1,0
BRDA:117,16,0,0
BRDA:117,16,1,0
BRDA:146,17,0,0
BRDA:146,17,1,0
BRDA:146,18,0,0
BRDA:146,18,1,0
BRDA:152,19,0,0
BRDA:152,19,1,0
BRDA:164,20,0,0
BRDA:164,20,1,0
BRDA:169,21,0,0
BRDA:169,21,1,0
BRDA:185,22,0,0
BRDA:185,22,1,0
BRDA:206,23,0,0
BRDA:206,23,1,0
BRDA:211,24,0,0
BRDA:211,24,1,0
BRDA:221,25,0,0
BRDA:221,25,1,0
BRDA:246,26,0,0
BRDA:246,26,1,0
BRDA:248,27,0,0
BRDA:248,27,1,0
BRDA:250,28,0,0
BRDA:250,28,1,0
BRDA:254,29,0,0
BRDA:254,29,1,0
BRDA:254,30,0,0
BRDA:254,30,1,0
BRDA:271,31,0,0
BRDA:271,31,1,0
BRDA:273,32,0,0
BRDA:273,32,1,0
BRDA:285,33,0,0
BRDA:285,33,1,0
BRDA:287,34,0,0
BRDA:287,34,1,0
BRDA:299,35,0,0
BRDA:299,35,1,0
BRDA:300,36,0,0
BRDA:300,36,1,0
BRDA:301,37,0,0
BRDA:301,37,1,0
BRDA:302,38,0,0
BRDA:302,38,1,0
BRDA:303,39,0,0
BRDA:303,39,1,0
BRDA:304,40,0,0
BRDA:304,40,1,0
BRDA:304,41,0,0
BRDA:304,41,1,0
BRDA:304,41,2,0
BRDA:307,42,0,0
BRDA:307,42,1,0
BRDA:308,43,0,0
BRDA:308,43,1,0
BRDA:353,44,0,0
BRDA:353,44,1,0
BRDA:355,45,0,0
BRDA:355,45,1,0
BRDA:373,46,0,0
BRDA:373,46,1,0
BRDA:376,47,0,0
BRDA:376,47,1,0
BRDA:377,48,0,0
BRDA:377,48,1,0
BRDA:379,49,0,0
BRDA:379,49,1,0
BRDA:387,50,0,0
BRDA:387,50,1,0
BRDA:402,51,0,0
BRDA:402,51,1,0
BRDA:405,52,0,0
BRDA:405,52,1,0
BRDA:406,53,0,0
BRDA:406,53,1,0
BRDA:407,54,0,0
BRDA:407,54,1,0
BRDA:410,55,0,0
BRDA:410,55,1,0
BRDA:424,56,0,0
BRDA:424,56,1,0
BRDA:438,57,0,0
BRDA:438,57,1,0
BRDA:448,58,0,0
BRDA:448,58,1,0
BRDA:449,59,0,0
BRDA:449,59,1,0
BRDA:452,60,0,0
BRDA:452,60,1,0
BRDA:453,61,0,0
BRDA:453,61,1,0
BRDA:454,62,0,0
BRDA:454,62,1,0
BRDA:455,63,0,0
BRDA:455,63,1,0
BRDA:456,64,0,0
BRDA:456,64,1,0
BRDA:459,65,0,0
BRDA:459,65,1,0
BRDA:474,66,0,0
BRDA:474,66,1,0
BRDA:477,67,0,0
BRDA:477,67,1,0
BRDA:482,68,0,0
BRDA:482,68,1,0
BRDA:482,69,0,0
BRDA:482,69,1,0
BRDA:484,70,0,0
BRDA:484,70,1,0
BRDA:489,71,0,0
BRDA:489,71,1,0
BRDA:494,72,0,0
BRDA:494,72,1,0
BRDA:495,73,0,0
BRDA:495,73,1,0
BRDA:501,74,0,0
BRDA:501,74,1,0
BRDA:502,75,0,0
BRDA:502,75,1,0
BRDA:506,76,0,0
BRDA:506,76,1,0
BRDA:506,77,0,0
BRDA:506,77,1,0
BRDA:507,78,0,0
BRDA:507,78,1,0
BRDA:507,79,0,0
BRDA:507,79,1,0
BRDA:514,80,0,0
BRDA:514,80,1,0
BRDA:522,81,0,0
BRDA:522,81,1,0
BRDA:523,82,0,0
BRDA:523,82,1,0
BRDA:523,83,0,0
BRDA:523,83,1,0
BRDA:527,84,0,0
BRDA:527,84,1,0
BRDA:528,85,0,0
BRDA:528,85,1,0
BRDA:528,86,0,0
BRDA:528,86,1,0
BRDA:533,87,0,0
BRDA:533,87,1,0
BRDA:535,88,0,0
BRDA:535,88,1,0
BRF:180
BRH:0
end_of_record
TN:
SF:src\js\components\settings\settings.js
FN:1,markDirty
FN:8,(anonymous_1)
FN:47,(anonymous_2)
FN:59,(anonymous_3)
FN:109,(anonymous_4)
FN:139,(anonymous_5)
FN:173,(anonymous_6)
FN:191,(anonymous_7)
FN:196,(anonymous_8)
FN:203,(anonymous_9)
FNF:10
FNH:0
FNDA:0,markDirty
FNDA:0,(anonymous_1)
FNDA:0,(anonymous_2)
FNDA:0,(anonymous_3)
FNDA:0,(anonymous_4)
FNDA:0,(anonymous_5)
FNDA:0,(anonymous_6)
FNDA:0,(anonymous_7)
FNDA:0,(anonymous_8)
FNDA:0,(anonymous_9)
DA:2,0
DA:3,0
DA:4,0
DA:8,0
DA:9,0
DA:12,0
DA:13,0
DA:14,0
DA:16,0
DA:17,0
DA:18,0
DA:21,0
DA:22,0
DA:23,0
DA:25,0
DA:26,0
DA:27,0
DA:29,0
DA:30,0
DA:31,0
DA:33,0
DA:34,0
DA:35,0
DA:37,0
DA:38,0
DA:39,0
DA:40,0
DA:44,0
DA:45,0
DA:46,0
DA:47,0
DA:48,0
DA:49,0
DA:50,0
DA:51,0
DA:52,0
DA:56,0
DA:59,0
DA:60,0
DA:61,0
DA:62,0
DA:63,0
DA:65,0
DA:66,0
DA:67,0
DA:69,0
DA:70,0
DA:71,0
DA:73,0
DA:74,0
DA:75,0
DA:77,0
DA:78,0
DA:79,0
DA:81,0
DA:82,0
DA:83,0
DA:85,0
DA:86,0
DA:87,0
DA:88,0
DA:89,0
DA:91,0
DA:92,0
DA:93,0
DA:94,0
DA:95,0
DA:96,0
DA:97,0
DA:98,0
DA:99,0
DA:101,0
DA:102,0
DA:103,0
DA:106,0
DA:107,0
DA:108,0
DA:109,0
DA:110,0
DA:111,0
DA:112,0
DA:113,0
DA:114,0
DA:115,0
DA:116,0
DA:117,0
DA:119,0
DA:122,0
DA:123,0
DA:124,0
DA:125,0
DA:126,0
DA:128,0
DA:129,0
DA:131,0
DA:132,0
DA:134,0
DA:135,0
DA:139,0
DA:140,0
DA:141,0
DA:143,0
DA:144,0
DA:146,0
DA:147,0
DA:149,0
DA:150,0
DA:152,0
DA:153,0
DA:155,0
DA:156,0
DA:158,0
DA:159,0
DA:160,0
DA:162,0
DA:163,0
DA:164,0
DA:165,0
DA:166,0
DA:167,0
DA:170,0
DA:171,0
DA:172,0
DA:173,0
DA:174,0
DA:175,0
DA:176,0
DA:177,0
DA:178,0
DA:182,0
DA:183,0
DA:184,0
DA:185,0
DA:186,0
DA:188,0
DA:191,0
DA:192,0
DA:193,0
DA:194,0
DA:196,0
DA:197,0
DA:198,0
DA:199,0
DA:200,0
DA:203,0
DA:204,0
DA:205,0
DA:208,0
DA:209,0
LF:149
LH:0
BRDA:4,0,0,0
BRDA:4,0,1,0
BRDA:9,1,0,0
BRDA:9,1,1,0
BRDA:14,2,0,0
BRDA:14,2,1,0
BRDA:18,3,0,0
BRDA:18,3,1,0
BRDA:23,4,0,0
BRDA:23,4,1,0
BRDA:27,5,0,0
BRDA:27,5,1,0
BRDA:31,6,0,0
BRDA:31,6,1,0
BRDA:35,7,0,0
BRDA:35,7,1,0
BRDA:39,8,0,0
BRDA:39,8,1,0
BRDA:40,9,0,0
BRDA:40,9,1,0
BRDA:44,10,0,0
BRDA:44,10,1,0
BRDA:48,11,0,0
BRDA:48,11,1,0
BRDA:51,12,0,0
BRDA:51,12,1,0
BRDA:51,13,0,0
BRDA:51,13,1,0
BRDA:52,14,0,0
BRDA:52,14,1,0
BRDA:52,15,0,0
BRDA:52,15,1,0
BRDA:56,16,0,0
BRDA:56,16,1,0
BRDA:61,17,0,0
BRDA:61,17,1,0
BRDA:62,18,0,0
BRDA:62,18,1,0
BRDA:63,19,0,0
BRDA:63,19,1,0
BRDA:66,20,0,0
BRDA:66,20,1,0
BRDA:67,21,0,0
BRDA:67,21,1,0
BRDA:70,22,0,0
BRDA:70,22,1,0
BRDA:71,23,0,0
BRDA:71,23,1,0
BRDA:74,24,0,0
BRDA:74,24,1,0
BRDA:75,25,0,0
BRDA:75,25,1,0
BRDA:78,26,0,0
BRDA:78,26,1,0
BRDA:79,27,0,0
BRDA:79,27,1,0
BRDA:82,28,0,0
BRDA:82,28,1,0
BRDA:83,29,0,0
BRDA:83,29,1,0
BRDA:86,30,0,0
BRDA:86,30,1,0
BRDA:86,31,0,0
BRDA:86,31,1,0
BRDA:87,32,0,0
BRDA:87,32,1,0
BRDA:87,33,0,0
BRDA:87,33,1,0
BRDA:89,34,0,0
BRDA:89,34,1,0
BRDA:91,35,0,0
BRDA:91,35,1,0
BRDA:92,36,0,0
BRDA:92,36,1,0
BRDA:93,37,0,0
BRDA:93,37,1,0
BRDA:94,38,0,0
BRDA:94,38,1,0
BRDA:94,39,0,0
BRDA:94,39,1,0
BRDA:95,40,0,0
BRDA:95,40,1,0
BRDA:95,41,0,0
BRDA:95,41,1,0
BRDA:96,42,0,0
BRDA:96,42,1,0
BRDA:96,43,0,0
BRDA:96,43,1,0
BRDA:106,44,0,0
BRDA:106,44,1,0
BRDA:112,45,0,0
BRDA:112,45,1,0
BRDA:113,46,0,0
BRDA:113,46,1,0
BRDA:114,47,0,0
BRDA:114,47,1,0
BRDA:114,48,0,0
BRDA:114,48,1,0
BRDA:115,49,0,0
BRDA:115,49,1,0
BRDA:116,50,0,0
BRDA:116,50,1,0
BRDA:124,51,0,0
BRDA:124,51,1,0
BRDA:126,52,0,0
BRDA:126,52,1,0
BRDA:128,53,0,0
BRDA:128,53,1,0
BRDA:131,54,0,0
BRDA:131,54,1,0
BRDA:134,55,0,0
BRDA:134,55,1,0
BRDA:141,56,0,0
BRDA:141,56,1,0
BRDA:144,57,0,0
BRDA:144,57,1,0
BRDA:147,58,0,0
BRDA:147,58,1,0
BRDA:150,59,0,0
BRDA:150,59,1,0
BRDA:153,60,0,0
[...]
BRDA:20,3,1,0
BRDA:26,4,0,0
BRDA:26,4,1,0
BRDA:28,5,0,0
BRDA:28,5,1,0
BRDA:28,6,0,0
BRDA:28,6,1,0
BRDA:52,7,0,0
BRDA:52,7,1,0
BRDA:56,8,0,0
BRDA:56,8,1,0
BRDA:65,9,0,0
BRDA:65,9,1,0
BRDA:66,10,0,0
BRDA:66,10,1,0
BRDA:67,11,0,0
BRDA:67,11,1,0
BRDA:70,12,0,0
BRDA:70,12,1,0
BRDA:76,13,0,0
BRDA:76,13,1,0
BRDA:77,14,0,0
BRDA:77,14,1,0
BRDA:82,15,0,0
BRDA:82,15,1,0
BRDA:83,16,0,0
BRDA:83,16,1,0
BRF:34
BRH:0
end_of_record
TN:
SF:src\js\components\stats\stats.js
FN:17,todayISO
FN:23,(anonymous_1)
FN:26,(anonymous_2)
FN:29,(anonymous_3)
FN:40,(anonymous_4)
FN:47,(anonymous_5)
FN:54,(anonymous_6)
FN:104,(anonymous_7)
FN:107,(anonymous_8)
FN:121,getDaysArray
FN:131,getMonthsArray
FN:141,drawStats
FN:175,(anonymous_12)
FN:191,(anonymous_13)
FN:196,(anonymous_14)
FN:206,(anonymous_15)
FN:211,(anonymous_16)
FN:223,(anonymous_17)
FN:225,(anonymous_18)
FN:230,(anonymous_19)
FN:242,(anonymous_20)
FN:254,(anonymous_21)
FN:265,(anonymous_22)
FN:312,(anonymous_23)
FN:350,(anonymous_24)
FN:392,(anonymous_25)
FN:400,(anonymous_26)
FN:414,(anonymous_27)
FN:415,(anonymous_28)
FN:416,(anonymous_29)
FNF:30
FNH:0
FNDA:0,todayISO
FNDA:0,(anonymous_1)
FNDA:0,(anonymous_2)
FNDA:0,(anonymous_3)
FNDA:0,(anonymous_4)
FNDA:0,(anonymous_5)
FNDA:0,(anonymous_6)
FNDA:0,(anonymous_7)
FNDA:0,(anonymous_8)
FNDA:0,getDaysArray
FNDA:0,getMonthsArray
FNDA:0,drawStats
FNDA:0,(anonymous_12)
FNDA:0,(anonymous_13)
FNDA:0,(anonymous_14)
FNDA:0,(anonymous_15)
FNDA:0,(anonymous_16)
FNDA:0,(anonymous_17)
FNDA:0,(anonymous_18)
FNDA:0,(anonymous_19)
FNDA:0,(anonymous_20)
FNDA:0,(anonymous_21)
FNDA:0,(anonymous_22)
FNDA:0,(anonymous_23)
FNDA:0,(anonymous_24)
FNDA:0,(anonymous_25)
FNDA:0,(anonymous_26)
FNDA:0,(anonymous_27)
FNDA:0,(anonymous_28)
FNDA:0,(anonymous_29)
DA:3,0
DA:4,0
DA:5,0
DA:11,0
DA:18,0
DA:19,0
DA:23,0
DA:24,0
DA:25,0
DA:26,0
DA:27,0
DA:28,0
DA:29,0
DA:30,0
DA:31,0
DA:32,0
DA:33,0
DA:38,0
DA:39,0
DA:40,0
DA:41,0
DA:42,0
DA:45,0
DA:46,0
DA:47,0
DA:48,0
DA:49,0
DA:54,0
DA:55,0
DA:56,0
DA:59,0
DA:60,0
DA:85,0
DA:86,0
DA:87,0
DA:88,0
DA:89,0
DA:90,0
DA:91,0
DA:94,0
DA:99,0
DA:100,0
DA:101,0
DA:103,0
DA:104,0
DA:105,0
DA:106,0
DA:107,0
DA:108,0
DA:111,0
DA:114,0
DA:115,0
DA:118,0
DA:122,0
DA:123,0
DA:124,0
DA:125,0
DA:126,0
DA:128,0
DA:132,0
DA:133,0
DA:134,0
DA:135,0
DA:136,0
DA:138,0
DA:142,0
DA:143,0
DA:146,0
DA:147,0
DA:149,0
DA:150,0
DA:151,0
DA:152,0
DA:153,0
DA:154,0
DA:155,0
DA:156,0
DA:157,0
DA:158,0
DA:159,0
DA:160,0
DA:161,0
DA:162,0
DA:163,0
DA:164,0
DA:165,0
DA:166,0
DA:167,0
DA:169,0
DA:171,0
DA:173,0
DA:175,0
DA:176,0
DA:177,0
DA:179,0
DA:184,0
DA:185,0
DA:186,0
DA:187,0
DA:190,0
DA:191,0
DA:192,0
DA:193,0
DA:194,0
DA:195,0
DA:196,0
DA:197,0
DA:198,0
DA:200,0
DA:205,0
DA:206,0
DA:207,0
DA:208,0
DA:209,0
DA:210,0
DA:211,0
DA:212,0
DA:213,0
DA:215,0
DA:221,0
DA:222,0
DA:223,0
DA:224,0
DA:225,0
DA:226,0
DA:227,0
DA:228,0
DA:229,0
DA:230,0
DA:231,0
DA:232,0
DA:234,0
DA:242,0
DA:245,0
DA:246,0
DA:247,0
DA:248,0
DA:249,0
DA:252,0
DA:253,0
DA:254,0
DA:255,0
DA:256,0
DA:257,0
DA:259,0
DA:260,0
DA:261,0
DA:264,0
DA:265,0
DA:267,0
DA:284,0
DA:285,0
DA:286,0
DA:313,0
DA:314,0
DA:315,0
DA:316,0
DA:329,0
DA:330,0
DA:331,0
DA:351,0
DA:364,0
DA:365,0
DA:366,0
DA:393,0
DA:394,0
DA:400,0
DA:407,0
DA:408,0
DA:409,0
DA:410,0
DA:412,0
DA:413,0
DA:414,0
DA:415,0
DA:416,0
DA:417,0
DA:419,0
DA:420,0
DA:422,0
DA:438,0
DA:439,0
LF:182
LH:0
BRDA:25,0,0,0
BRDA:25,0,1,0
BRDA:27,1,0,0
BRDA:27,1,1,0
BRDA:39,2,0,0
BRDA:39,2,1,0
BRDA:46,3,0,0
BRDA:46,3,1,0
BRDA:56,4,0,0
BRDA:56,4,1,0
BRDA:59,5,0,0
BRDA:59,5,1,0
BRDA:87,6,0,0
BRDA:87,6,1,0
BRDA:90,7,0,0
BRDA:90,7,1,0
BRDA:97,8,0,0
BRDA:97,8,1,0
BRDA:99,9,0,0
BRDA:99,9,1,0
BRDA:100,10,0,0
BRDA:100,10,1,0
BRDA:101,11,0,0
BRDA:101,11,1,0
BRDA:103,12,0,0
BRDA:103,12,1,0
BRDA:103,13,0,0
BRDA:103,13,1,0
BRDA:108,14,0,0
BRDA:108,14,1,0
BRDA:150,15,0,0
BRDA:150,15,1,0
BRDA:154,16,0,0
BRDA:154,16,1,0
BRDA:158,17,0,0
BRDA:158,17,1,0
BRDA:164,18,0,0
BRDA:164,18,1,0
BRDA:166,19,0,0
BRDA:166,19,1,0
BRDA:173,20,0,0
BRDA:173,20,1,0
BRDA:176,21,0,0
BRDA:176,21,1,0
BRDA:177,22,0,0
BRDA:177,22,1,0
BRDA:179,23,0,0
BRDA:179,23,1,0
BRDA:179,24,0,0
BRDA:179,24,1,0
BRDA:179,25,0,0
BRDA:179,25,1,0
BRDA:193,26,0,0
BRDA:193,26,1,0
BRDA:194,27,0,0
BRDA:194,27,1,0
BRDA:195,28,0,0
BRDA:195,28,1,0
BRDA:197,29,0,0
BRDA:197,29,1,0
BRDA:198,30,0,0
BRDA:198,30,1,0
BRDA:200,31,0,0
BRDA:200,31,1,0
BRDA:200,32,0,0
BRDA:200,32,1,0
BRDA:207,33,0,0
BRDA:207,33,1,0
BRDA:207,34,0,0
BRDA:207,34,1,0
BRDA:209,35,0,0
BRDA:209,35,1,0
BRDA:212,36,0,0
BRDA:212,36,1,0
BRDA:213,37,0,0
BRDA:213,37,1,0
BRDA:215,38,0,0
BRDA:215,38,1,0
BRDA:224,39,0,0
BRDA:224,39,1,0
BRDA:226,40,0,0
BRDA:226,40,1,0
BRDA:228,41,0,0
BRDA:228,41,1,0
BRDA:231,42,0,0
BRDA:231,42,1,0
BRDA:232,43,0,0
BRDA:232,43,1,0
BRDA:234,44,0,0
BRDA:234,44,1,0
BRDA:242,45,0,0
BRDA:242,45,1,0
BRDA:246,46,0,0
BRDA:246,46,1,0
BRDA:249,47,0,0
BRDA:249,47,1,0
BRDA:257,48,0,0
BRDA:257,48,1,0
BRDA:257,49,0,0
BRDA:257,49,1,0
BRDA:261,50,0,0
BRDA:261,50,1,0
BRDA:265,51,0,0
BRDA:265,51,1,0
BRDA:284,52,0,0
BRDA:284,52,1,0
BRDA:316,53,0,0
BRDA:316,53,1,0
BRDA:329,54,0,0
BRDA:329,54,1,0
BRDA:364,55,0,0
BRDA:364,55,1,0
BRDA:408,56,0,0
BRDA:408,56,1,0
BRDA:409,57,0,0
BRDA:409,57,1,0
BRDA:417,58,0,0
BRDA:417,58,1,0
BRDA:419,59,0,0
BRDA:419,59,1,0
BRDA:419,60,0,0
BRDA:419,60,1,0
BRDA:420,61,0,0
BRDA:420,61,1,0
BRDA:420,62,0,0
BRDA:420,62,1,0
BRDA:424,63,0,0
BRDA:424,63,1,0
BRDA:425,64,0,0
BRDA:425,64,1,0
BRDA:425,65,0,0
BRDA:425,65,1,0
BRDA:429,66,0,0
BRDA:429,66,1,0
BRF:134
BRH:0
end_of_record
TN:
SF:src\js\components\tasks\tasks.js
FN:1,newTaskId
FN:17,recLabel
FN:22,(anonymous_2)
FN:30,toggleCustomDay
FN:33,(anonymous_4)
FN:37,parseCustomDays
FN:43,closeOnOutsideClick
FN:44,handler
FN:47,(anonymous_8)
FN:50,renderCustomDaysPanel
FN:61,(anonymous_10)
FN:66,(anonymous_11)
FN:71,(anonymous_12)
FN:75,(anonymous_13)
FN:79,fmtDate
FN:86,dateKey
FN:88,isToday
FN:94,escapeHtml
FN:99,prioColor
FN:106,(anonymous_19)
FN:107,(anonymous_20)
FN:112,(anonymous_21)
FN:121,renderHeaderDate
FN:142,renderTaskList
FN:150,(anonymous_24)
FN:154,(anonymous_25)
FN:155,(anonymous_26)
FN:160,(anonymous_27)
FN:168,(anonymous_28)
FN:170,(anonymous_29)
FN:184,(anonymous_30)
FN:188,formatArchiveDate
FN:195,renderTaskItem
FN:212,(anonymous_33)
FN:234,(anonymous_34)
FN:244,(anonymous_35)
FN:251,(anonymous_36)
FN:253,(anonymous_37)
FN:256,(anonymous_38)
FN:257,(anonymous_39)
FN:262,renderDetailEmpty
FN:268,renderDetailPanel
FN:272,(anonymous_42)
FN:291,(anonymous_43)
FN:379,(anonymous_44)
FN:383,(anonymous_45)
FN:384,(anonymous_46)
FN:389,(anonymous_47)
FN:397,(anonymous_48)
FN:400,(anonymous_49)
FN:402,(anonymous_50)
FN:403,(anonymous_51)
FN:405,(anonymous_52)
FN:408,(anonymous_53)
FN:417,(anonymous_54)
FN:418,(anonymous_55)
FN:421,(anonymous_56)
FN:422,(anonymous_57)
FN:423,(anonymous_58)
FN:426,(anonymous_59)
FN:430,(anonymous_60)
FN:432,(anonymous_61)
FN:436,(anonymous_62)
FN:441,(anonymous_63)
FN:449,(anonymous_64)
FN:450,(anonymous_65)
FN:453,(anonymous_66)
FN:454,(anonymous_67)
FN:462,initNewTaskEvents
FN:467,(anonymous_69)
FN:475,(anonymous_70)
FN:478,(anonymous_71)
FN:490,(anonymous_72)
FN:502,addNewTask
FN:529,(anonymous_74)
FN:538,initHeaderEvents
FN:545,(anonymous_76)
FN:550,(anonymous_77)
FN:555,(anonymous_78)
FN:559,(anonymous_79)
FN:568,(anonymous_80)
FN:582,(anonymous_81)
FN:589,(anonymous_82)
FN:591,(anonymous_83)
FN:594,(anonymous_84)
FN:602,(anonymous_85)
FN:617,(anonymous_86)
FN:622,(anonymous_87)
FN:640,nodeProgress
FN:646,renderNode
FN:690,(anonymous_90)
FN:695,(anonymous_91)
FNF:92
FNH:0
FNDA:0,newTaskId
FNDA:0,recLabel
FNDA:0,(anonymous_2)
FNDA:0,toggleCustomDay
FNDA:0,(anonymous_4)
FNDA:0,parseCustomDays
FNDA:0,closeOnOutsideClick
FNDA:0,handler
FNDA:0,(anonymous_8)
FNDA:0,renderCustomDaysPanel
FNDA:0,(anonymous_10)
FNDA:0,(anonymous_11)
FNDA:0,(anonymous_12)
FNDA:0,(anonymous_13)
FNDA:0,fmtDate
FNDA:0,dateKey
FNDA:0,isToday
FNDA:0,escapeHtml
FNDA:0,prioColor
FNDA:0,(anonymous_19)
FNDA:0,(anonymous_20)
FNDA:0,(anonymous_21)
FNDA:0,renderHeaderDate
FNDA:0,renderTaskList
FNDA:0,(anonymous_24)
FNDA:0,(anonymous_25)
FNDA:0,(anonymous_26)
FNDA:0,(anonymous_27)
FNDA:0,(anonymous_28)
FNDA:0,(anonymous_29)
FNDA:0,(anonymous_30)
FNDA:0,formatArchiveDate
FNDA:0,renderTaskItem
FNDA:0,(anonymous_33)
FNDA:0,(anonymous_34)
FNDA:0,(anonymous_35)
FNDA:0,(anonymous_36)
FNDA:0,(anonymous_37)
FNDA:0,(anonymous_38)
FNDA:0,(anonymous_39)
FNDA:0,renderDetailEmpty
FNDA:0,renderDetailPanel
FNDA:0,(anonymous_42)
FNDA:0,(anonymous_43)
FNDA:0,(anonymous_44)
FNDA:0,(anonymous_45)
FNDA:0,(anonymous_46)
FNDA:0,(anonymous_47)
FNDA:0,(anonymous_48)
FNDA:0,(anonymous_49)
FNDA:0,(anonymous_50)
FNDA:0,(anonymous_51)
FNDA:0,(anonymous_52)
FNDA:0,(anonymous_53)
FNDA:0,(anonymous_54)
FNDA:0,(anonymous_55)
FNDA:0,(anonymous_56)
FNDA:0,(anonymous_57)
FNDA:0,(anonymous_58)
FNDA:0,(anonymous_59)
FNDA:0,(anonymous_60)
FNDA:0,(anonymous_61)
FNDA:0,(anonymous_62)
FNDA:0,(anonymous_63)
FNDA:0,(anonymous_64)
FNDA:0,(anonymous_65)
FNDA:0,(anonymous_66)
FNDA:0,(anonymous_67)
FNDA:0,initNewTaskEvents
FNDA:0,(anonymous_69)
FNDA:0,(anonymous_70)
FNDA:0,(anonymous_71)
FNDA:0,(anonymous_72)
FNDA:0,addNewTask
FNDA:0,(anonymous_74)
FNDA:0,initHeaderEvents
FNDA:0,(anonymous_76)
FNDA:0,(anonymous_77)
FNDA:0,(anonymous_78)
FNDA:0,(anonymous_79)
FNDA:0,(anonymous_80)
FNDA:0,(anonymous_81)
FNDA:0,(anonymous_82)
FNDA:0,(anonymous_83)
FNDA:0,(anonymous_84)
FNDA:0,(anonymous_85)
FNDA:0,(anonymous_86)
FNDA:0,(anonymous_87)
FNDA:0,nodeProgress
FNDA:0,renderNode
FNDA:0,(anonymous_90)
FNDA:0,(anonymous_91)
DA:2,0
DA:6,0
DA:7,0
DA:8,0
DA:9,0
DA:10,0
DA:11,0
DA:12,0
DA:14,0
DA:15,0
DA:18,0
DA:19,0
DA:20,0
DA:21,0
DA:22,0
DA:24,0
DA:25,0
DA:26,0
DA:27,0
DA:31,0
DA:32,0
DA:33,0
DA:34,0
DA:38,0
DA:39,0
DA:40,0
DA:45,0
DA:47,0
DA:51,0
DA:52,0
DA:53,0
DA:54,0
DA:55,0
DA:57,0
DA:58,0
DA:61,0
DA:62,0
DA:63,0
DA:64,0
DA:65,0
DA:66,0
DA:67,0
DA:68,0
DA:69,0
DA:71,0
DA:72,0
DA:73,0
DA:74,0
DA:75,0
DA:80,0
DA:81,0
DA:82,0
DA:83,0
DA:86,0
DA:89,0
DA:90,0
DA:91,0
DA:95,0
DA:96,0
DA:100,0
DA:101,0
DA:102,0
DA:106,0
DA:107,0
DA:108,0
DA:109,0
DA:110,0
DA:111,0
DA:112,0
DA:113,0
DA:114,0
DA:116,0
DA:122,0
DA:123,0
DA:124,0
DA:125,0
DA:126,0
DA:127,0
DA:128,0
DA:129,0
DA:130,0
DA:132,0
DA:133,0
DA:134,0
DA:135,0
DA:136,0
DA:137,0
DA:138,0
DA:143,0
DA:144,0
DA:146,0
DA:147,0
DA:149,0
DA:150,0
DA:151,0
DA:152,0
DA:154,0
DA:155,0
DA:158,0
DA:159,0
DA:160,0
DA:161,0
DA:162,0
DA:163,0
DA:164,0
DA:166,0
DA:167,0
DA:168,0
DA:169,0
DA:170,0
DA:171,0
DA:174,0
DA:175,0
DA:176,0
DA:179,0
DA:180,0
DA:181,0
DA:183,0
DA:184,0
DA:185,0
DA:189,0
DA:190,0
DA:191,0
DA:192,0
DA:196,0
DA:197,0
DA:198,0
DA:199,0
DA:200,0
DA:201,0
DA:202,0
DA:203,0
DA:205,0
DA:206,0
DA:208,0
DA:210,0
DA:211,0
DA:212,0
DA:214,0
DA:216,0
DA:220,0
DA:233,0
DA:234,0
DA:235,0
DA:236,0
DA:241,0
DA:244,0
DA:245,0
DA:246,0
DA:247,0
DA:251,0
DA:252,0
DA:253,0
DA:254,0
DA:256,0
DA:257,0
DA:258,0
DA:263,0
DA:264,0
DA:265,0
DA:269,0
DA:270,0
DA:272,0
DA:273,0
DA:274,0
DA:275,0
DA:276,0
DA:277,0
DA:278,0
DA:279,0
DA:281,0
DA:282,0
DA:284,0
DA:285,0
DA:286,0
DA:287,0
DA:290,0
DA:291,0
DA:292,0
DA:301,0
DA:375,0
DA:379,0
DA:380,0
DA:381,0
DA:382,0
DA:383,0
DA:384,0
DA:385,0
DA:386,0
DA:387,0
DA:388,0
DA:389,0
DA:391,0
DA:393,0
DA:394,0
DA:395,0
DA:396,0
DA:397,0
DA:400,0
DA:401,0
DA:402,0
DA:403,0
DA:404,0
DA:405,0
DA:407,0
DA:408,0
DA:409,0
DA:410,0
DA:411,0
DA:417,0
DA:418,0
DA:421,0
DA:422,0
DA:423,0
DA:424,0
DA:425,0
DA:426,0
DA:430,0
DA:431,0
DA:432,0
DA:433,0
DA:436,0
DA:437,0
DA:438,0
DA:439,0
DA:440,0
DA:441,0
DA:442,0
DA:443,0
DA:444,0
DA:449,0
DA:450,0
DA:453,0
DA:454,0
DA:455,0
DA:456,0
DA:457,0
DA:463,0
DA:464,0
DA:465,0
DA:466,0
DA:467,0
DA:468,0
DA:469,0
DA:470,0
DA:471,0
DA:472,0
DA:474,0
DA:475,0
DA:476,0
DA:478,0
DA:479,0
DA:480,0
DA:481,0
DA:482,0
DA:483,0
DA:484,0
DA:485,0
DA:486,0
DA:487,0
DA:488,0
DA:489,0
DA:490,0
DA:491,0
DA:492,0
DA:496,0
DA:497,0
DA:503,0
DA:504,0
DA:505,0
DA:506,0
DA:507,0
DA:508,0
DA:509,0
DA:510,0
DA:511,0
DA:513,0
DA:523,0
DA:524,0
DA:525,0
DA:526,0
DA:527,0
DA:529,0
DA:530,0
DA:531,0
DA:532,0
DA:533,0
DA:539,0
DA:540,0
DA:541,0
DA:542,0
DA:543,0
DA:545,0
DA:546,0
DA:547,0
DA:548,0
DA:550,0
DA:551,0
DA:552,0
DA:553,0
DA:555,0
DA:556,0
DA:557,0
DA:559,0
DA:560,0
DA:561,0
DA:562,0
DA:563,0
DA:564,0
DA:565,0
DA:568,0
DA:569,0
DA:570,0
DA:571,0
DA:572,0
DA:574,0
DA:575,0
DA:576,0
DA:582,0
DA:583,0
DA:584,0
DA:588,0
DA:589,0
DA:590,0
DA:591,0
DA:592,0
DA:593,0
DA:594,0
DA:595,0
DA:596,0
DA:597,0
DA:598,0
DA:599,0
DA:600,0
DA:601,0
DA:602,0
DA:603,0
DA:612,0
DA:613,0
DA:617,0
DA:618,0
DA:619,0
DA:620,0
DA:621,0
DA:622,0
DA:623,0
DA:624,0
DA:625,0
DA:626,0
DA:627,0
DA:628,0
DA:629,0
DA:630,0
DA:633,0
DA:634,0
DA:635,0
DA:636,0
DA:639,0
DA:641,0
DA:642,0
DA:644,0
DA:647,0
DA:648,0
DA:649,0
DA:650,0
DA:651,0
DA:652,0
DA:653,0
DA:654,0
DA:656,0
DA:658,0
DA:659,0
DA:660,0
DA:661,0
DA:662,0
DA:663,0
DA:664,0
DA:666,0
DA:667,0
DA:668,0
DA:669,0
DA:670,0
DA:671,0
DA:672,0
DA:673,0
DA:674,0
DA:675,0
DA:677,0
DA:678,0
DA:680,0
DA:681,0
DA:682,0
DA:683,0
DA:686,0
DA:690,0
DA:691,0
DA:692,0
DA:695,0
DA:696,0
DA:697,0
DA:698,0
DA:699,0
LF:402
LH:0
BRDA:18,0,0,0
BRDA:18,0,1,0
BRDA:18,1,0,0
BRDA:18,1,1,0
BRDA:19,2,0,0
BRDA:19,2,1,0
BRDA:19,3,0,0
BRDA:19,3,1,0
BRDA:19,3,2,0
BRDA:21,4,0,0
BRDA:21,4,1,0
BRDA:24,5,0,0
BRDA:24,5,1,0
BRDA:25,6,0,0
BRDA:25,6,1,0
BRDA:26,7,0,0
BRDA:26,7,1,0
BRDA:32,8,0,0
BRDA:32,8,1,0
BRDA:38,9,0,0
BRDA:38,9,1,0
BRDA:39,10,0,0
BRDA:39,10,1,0
BRDA:45,11,0,0
BRDA:45,11,1,0
BRDA:45,12,0,0
BRDA:45,12,1,0
BRDA:51,13,0,0
BRDA:51,13,1,0
BRDA:55,14,0,0
BRDA:55,14,1,0
BRDA:63,15,0,0
BRDA:63,15,1,0
BRDA:68,16,0,0
BRDA:68,16,1,0
BRDA:69,17,0,0
BRDA:69,17,1,0
BRDA:72,18,0,0
BRDA:72,18,1,0
BRDA:74,19,0,0
BRDA:74,19,1,0
BRDA:74,20,0,0
BRDA:74,20,1,0
BRDA:95,21,0,0
BRDA:95,21,1,0
BRDA:100,22,0,0
BRDA:100,22,1,0
BRDA:101,23,0,0
BRDA:101,23,1,0
BRDA:108,24,0,0
BRDA:108,24,1,0
BRDA:108,25,0,0
BRDA:108,25,1,0
BRDA:111,26,0,0
BRDA:111,26,1,0
BRDA:113,27,0,0
BRDA:113,27,1,0
BRDA:125,28,0,0
BRDA:125,28,1,0
BRDA:125,29,0,0
BRDA:125,29,1,0
BRDA:126,30,0,0
BRDA:126,30,1,0
BRDA:129,31,0,0
BRDA:129,31,1,0
BRDA:137,32,0,0
BRDA:137,32,1,0
BRDA:138,33,0,0
BRDA:138,33,1,0
BRDA:144,34,0,0
BRDA:144,34,1,0
BRDA:149,35,0,0
BRDA:149,35,1,0
BRDA:151,36,0,0
BRDA:151,36,1,0
BRDA:152,37,0,0
BRDA:152,37,1,0
BRDA:154,38,0,0
BRDA:154,38,1,0
BRDA:155,39,0,0
BRDA:155,39,1,0
BRDA:158,40,0,0
BRDA:158,40,1,0
BRDA:161,41,0,0
BRDA:161,41,1,0
BRDA:161,41,2,0
BRDA:162,42,0,0
BRDA:162,42,1,0
BRDA:163,43,0,0
BRDA:163,43,1,0
BRDA:174,44,0,0
BRDA:174,44,1,0
BRDA:179,45,0,0
BRDA:179,45,1,0
BRDA:190,46,0,0
BRDA:190,46,1,0
BRDA:197,47,0,0
BRDA:197,47,1,0
BRDA:198,48,0,0
BRDA:198,48,1,0
BRDA:201,49,0,0
BRDA:201,49,1,0
BRDA:202,50,0,0
BRDA:202,50,1,0
BRDA:203,51,0,0
BRDA:203,51,1,0
BRDA:205,52,0,0
BRDA:205,52,1,0
BRDA:205,53,0,0
BRDA:205,53,1,0
BRDA:208,54,0,0
BRDA:208,54,1,0
BRDA:211,55,0,0
BRDA:211,55,1,0
BRDA:212,56,0,0
BRDA:212,56,1,0
BRDA:216,57,0,0
BRDA:216,57,1,0
BRDA:220,58,0,0
BRDA:220,58,1,0
BRDA:221,59,0,0
BRDA:221,59,1,0
BRDA:222,60,0,0
BRDA:222,60,1,0
BRDA:226,61,0,0
BRDA:226,61,1,0
BRDA:233,62,0,0
BRDA:233,62,1,0
BRDA:233,63,0,0
BRDA:233,63,1,0
BRDA:235,64,0,0
BRDA:235,64,1,0
BRDA:245,65,0,0
BRDA:245,65,1,0
BRDA:258,66,0,0
BRDA:258,66,1,0
BRDA:264,67,0,0
BRDA:264,67,1,0
BRDA:270,68,0,0
BRDA:270,68,1,0
BRDA:272,69,0,0
BRDA:272,69,1,0
BRDA:275,70,0,0
BRDA:275,70,1,0
BRDA:275,71,0,0
BRDA:275,71,1,0
BRDA:277,72,0,0
BRDA:277,72,1,0
BRDA:279,73,0,0
BRDA:279,73,1,0
BRDA:281,74,0,0
BRDA:281,74,1,0
BRDA:281,75,0,0
BRDA:281,75,1,0
BRDA:284,76,0,0
BRDA:284,76,1,0
BRDA:284,76,2,0
BRDA:285,77,0,0
BRDA:285,77,1,0
BRDA:287,78,0,0
BRDA:287,78,1,0
BRDA:294,79,0,0
BRDA:294,79,1,0
BRDA:303,80,0,0
BRDA:303,80,1,0
BRDA:303,81,0,0
BRDA:303,81,1,0
BRDA:304,82,0,0
BRDA:304,82,1,0
BRDA:306,83,0,0
BRDA:306,83,1,0
BRDA:314,84,0,0
BRDA:314,84,1,0
BRDA:314,85,0,0
BRDA:314,85,1,0
BRDA:314,85,2,0
BRDA:315,86,0,0
BRDA:315,86,1,0
BRDA:316,87,0,0
BRDA:316,87,1,0
BRDA:317,88,0,0
BRDA:317,88,1,0
BRDA:324,89,0,0
BRDA:324,89,1,0
BRDA:324,90,0,0
BRDA:324,90,1,0
BRDA:329,91,0,0
BRDA:329,91,1,0
BRDA:329,92,0,0
BRDA:329,92,1,0
BRDA:330,93,0,0
BRDA:330,93,1,0
BRDA:331,94,0,0
BRDA:331,94,1,0
BRDA:332,95,0,0
BRDA:332,95,1,0
BRDA:333,96,0,0
BRDA:333,96,1,0
BRDA:335,97,0,0
BRDA:335,97,1,0
BRDA:344,98,0,0
BRDA:344,98,1,0
BRDA:345,99,0,0
BRDA:345,99,1,0
BRDA:352,100,0,0
BRDA:352,100,1,0
BRDA:358,101,0,0
BRDA:358,101,1,0
BRDA:381,102,0,0
BRDA:381,102,1,0
BRDA:381,103,0,0
BRDA:381,103,1,0
BRDA:382,104,0,0
BRDA:382,104,1,0
BRDA:385,105,0,0
BRDA:385,105,1,0
BRDA:386,106,0,0
BRDA:386,106,1,0
BRDA:387,107,0,0
BRDA:387,107,1,0
BRDA:393,108,0,0
BRDA:393,108,1,0
BRDA:394,109,0,0
BRDA:394,109,1,0
BRDA:395,110,0,0
BRDA:395,110,1,0
BRDA:396,111,0,0
BRDA:396,111,1,0
BRDA:404,112,0,0
BRDA:404,112,1,0
BRDA:409,113,0,0
BRDA:409,113,1,0
BRDA:424,114,0,0
BRDA:424,114,1,0
BRDA:425,115,0,0
BRDA:425,115,1,0
BRDA:425,116,0,0
BRDA:425,116,1,0
BRDA:438,117,0,0
BRDA:438,117,1,0
BRDA:438,118,0,0
BRDA:438,118,1,0
BRDA:455,119,0,0
BRDA:455,119,1,0
BRDA:467,120,0,0
BRDA:467,120,1,0
BRDA:470,121,0,0
BRDA:470,121,1,0
BRDA:470,122,0,0
BRDA:470,122,1,0
BRDA:471,123,0,0
BRDA:471,123,1,0
BRDA:472,124,0,0
BRDA:472,124,1,0
BRDA:474,125,0,0
BRDA:474,125,1,0
BRDA:475,126,0,0
BRDA:475,126,1,0
BRDA:476,127,0,0
BRDA:476,127,1,0
BRDA:478,128,0,0
BRDA:478,128,1,0
BRDA:481,129,0,0
BRDA:481,129,1,0
BRDA:481,130,0,0
BRDA:481,130,1,0
BRDA:482,131,0,0
BRDA:482,131,1,0
BRDA:483,132,0,0
BRDA:483,132,1,0
BRDA:486,133,0,0
BRDA:486,133,1,0
BRDA:492,134,0,0
BRDA:492,134,1,0
BRDA:496,135,0,0
BRDA:496,135,1,0
BRDA:504,136,0,0
BRDA:504,136,1,0
BRDA:504,137,0,0
BRDA:504,137,1,0
BRDA:508,138,0,0
BRDA:508,138,1,0
BRDA:509,139,0,0
BRDA:509,139,1,0
BRDA:510,140,0,0
BRDA:510,140,1,0
BRDA:511,141,0,0
BRDA:511,141,1,0
BRDA:511,142,0,0
BRDA:511,142,1,0
BRDA:516,143,0,0
BRDA:516,143,1,0
BRDA:517,144,0,0
BRDA:517,144,1,0
BRDA:517,145,0,0
BRDA:517,145,1,0
BRDA:526,146,0,0
BRDA:526,146,1,0
BRDA:530,147,0,0
BRDA:530,147,1,0
BRDA:531,148,0,0
BRDA:531,148,1,0
BRDA:545,149,0,0
BRDA:545,149,1,0
BRDA:546,150,0,0
BRDA:546,150,1,0
BRDA:550,151,0,0
BRDA:550,151,1,0
BRDA:551,152,0,0
BRDA:551,152,1,0
BRDA:555,153,0,0
BRDA:555,153,1,0
BRDA:559,154,0,0
BRDA:559,154,1,0
BRDA:560,155,0,0
BRDA:560,155,1,0
BRDA:561,156,0,0
BRDA:561,156,1,0
BRDA:562,157,0,0
BRDA:562,157,1,0
BRDA:568,158,0,0
BRDA:568,158,1,0
BRDA:569,159,0,0
BRDA:569,159,1,0
BRDA:590,160,0,0
BRDA:590,160,1,0
BRDA:590,161,0,0
BRDA:590,161,1,0
BRDA:592,162,0,0
BRDA:592,162,1,0
BRDA:595,163,0,0
BRDA:595,163,1,0
BRDA:595,164,0,0
BRDA:595,164,1,0
BRDA:595,164,2,0
BRDA:597,165,0,0
BRDA:597,165,1,0
BRDA:597,166,0,0
BRDA:597,166,1,0
BRDA:599,167,0,0
BRDA:599,167,1,0
BRDA:601,168,0,0
BRDA:601,168,1,0
BRDA:603,169,0,0
BRDA:603,169,1,0
BRDA:612,170,0,0
BRDA:612,170,1,0
BRDA:612,171,0,0
BRDA:612,171,1,0
BRDA:612,171,2,0
BRDA:623,172,0,0
BRDA:623,172,1,0
BRDA:624,173,0,0
BRDA:624,173,1,0
BRDA:628,174,0,0
BRDA:628,174,1,0
BRDA:629,175,0,0
BRDA:629,175,1,0
BRDA:634,176,0,0
BRDA:634,176,1,0
BRDA:635,177,0,0
BRDA:635,177,1,0
BRDA:641,178,0,0
BRDA:641,178,1,0
BRDA:647,179,0,0
BRDA:647,179,1,0
BRDA:648,180,0,0
BRDA:648,180,1,0
BRDA:653,181,0,0
BRDA:653,181,1,0
BRDA:653,182,0,0
BRDA:653,182,1,0
BRDA:669,183,0,0
BRDA:669,183,1,0
BRDA:682,184,0,0
BRDA:682,184,1,0
BRDA:686,185,0,0
BRDA:686,185,1,0
BRDA:691,186,0,0
BRDA:691,186,1,0
BRDA:691,187,0,0
BRDA:691,187,1,0
BRDA:696,188,0,0
BRDA:696,188,1,0
BRDA:698,189,0,0
BRDA:698,189,1,0
BRDA:699,190,0,0
BRDA:699,190,1,0
BRF:388
BRH:0
end_of_record
TN:
SF:src\js\utils\audio.js
FN:3,getAudio
FN:12,playSound
FN:27,(anonymous_2)
FNF:3
FNH:0
FNDA:0,getAudio
FNDA:0,playSound
FNDA:0,(anonymous_2)
DA:1,0
DA:4,0
DA:5,0
DA:6,0
DA:7,0
DA:9,0
DA:13,0
DA:14,0
DA:15,0
DA:17,0
DA:18,0
DA:19,0
DA:20,0
DA:22,0
DA:23,0
DA:24,0
DA:25,0
DA:26,0
DA:27,0
DA:34,0
LF:20
LH:0
BRDA:4,0,0,0
BRDA:4,0,1,0
BRDA:12,1,0,0
BRDA:15,2,0,0
BRDA:15,2,1,0
BRDA:18,3,0,0
BRDA:18,3,1,0
BRDA:26,4,0,0
BRDA:26,4,1,0
BRF:9
BRH:0
end_of_record
TN:
SF:src\js\utils\helpers.js
FN:3,esc
FNF:1
FNH:0
FNDA:0,esc
DA:1,0
DA:4,0
LF:2
LH:0
BRF:0
BRH:0
end_of_record
